#
# There is insufficient memory for the Java Runtime Environment to continue.
# Native memory allocation (malloc) failed to allocate 1101936 bytes. Error detail: Chunk::new
# Possible reasons:
#   The system is out of physical RAM or swap space
#   This process is running with CompressedOops enabled, and the Java Heap may be blocking the growth of the native heap
# Possible solutions:
#   Reduce memory load on the system
#   Increase physical memory or swap space
#   Check if swap backing store is full
#   Decrease Java heap size (-Xmx/-Xms)
#   Decrease number of Java threads
#   Decrease Java thread stack sizes (-Xss)
#   Set larger code cache with -XX:ReservedCodeCacheSize=
#   JVM is running with Unscaled Compressed Oops mode in which the Java heap is
#     placed in the first 4GB address space. The Java Heap base address is the
#     maximum limit for the native heap growth. Please use -XX:HeapBaseMinAddress
#     to set the Java Heap base and to place the Java Heap above 4GB virtual address.
# This output file may be truncated or incomplete.
#
#  Out of Memory Error (arena.cpp:191), pid=12360, tid=16660
#
# JRE version: OpenJDK Runtime Environment Microsoft-9889599 (17.0.12+7) (build 17.0.12+7-LTS)
# Java VM: OpenJDK 64-Bit Server VM Microsoft-9889599 (17.0.12+7-LTS, mixed mode, sharing, tiered, compressed oops, compressed class ptrs, g1 gc, windows-amd64)
# No core dump will be written. Minidumps are not enabled by default on client versions of Windows
#

---------------  S U M M A R Y ------------

Command Line: --add-opens=java.base/java.util=ALL-UNNAMED --add-opens=java.base/java.lang=ALL-UNNAMED --add-opens=java.base/java.lang.invoke=ALL-UNNAMED --add-opens=java.prefs/java.util.prefs=ALL-UNNAMED --add-opens=java.base/java.nio.charset=ALL-UNNAMED --add-opens=java.base/java.net=ALL-UNNAMED --add-opens=java.base/java.util.concurrent.atomic=ALL-UNNAMED -XX:MaxMetaspaceSize=256m -XX:+HeapDumpOnOutOfMemoryError -Xms256m -Xmx512m -Dfile.encoding=UTF-8 -Duser.country=CN -Duser.language=zh -Duser.variant org.gradle.launcher.daemon.bootstrap.GradleDaemon 7.6.2

Host: AMD Ryzen 5 5600U with Radeon Graphics         , 12 cores, 14G,  Windows 10 , 64 bit Build 19041 (10.0.19041.5438)
Time: Sun Mar 16 02:06:58 2025  Windows 10 , 64 bit Build 19041 (10.0.19041.5438) elapsed time: 6.587918 seconds (0d 0h 0m 6s)

---------------  T H R E A D  ---------------

Current thread (0x000001f7fd6c4420):  JavaThread "C2 CompilerThread0" daemon [_thread_in_native, id=16660, stack(0x000000383b700000,0x000000383b800000)]


Current CompileTask:
C2:   6588 3406       4       java.util.regex.Pattern::compile (500 bytes)

Stack: [0x000000383b700000,0x000000383b800000]
Native frames: (J=compiled Java code, j=interpreted, Vv=VM code, C=native code)
V  [jvm.dll+0x686d99]
V  [jvm.dll+0x83daf8]
V  [jvm.dll+0x83f5a3]
V  [jvm.dll+0x83fc13]
V  [jvm.dll+0x2492ef]
V  [jvm.dll+0xad0a4]
V  [jvm.dll+0xad73c]
V  [jvm.dll+0x36a3ff]
V  [jvm.dll+0x334b83]
V  [jvm.dll+0x33401a]
V  [jvm.dll+0x21a538]
V  [jvm.dll+0x21996f]
V  [jvm.dll+0x1a53e6]
V  [jvm.dll+0x229faa]
V  [jvm.dll+0x2280fb]
V  [jvm.dll+0x7f3508]
V  [jvm.dll+0x7ed87c]
V  [jvm.dll+0x685c77]
C  [ucrtbase.dll+0x21bb2]
C  [KERNEL32.DLL+0x17374]
C  [ntdll.dll+0x4cc91]


---------------  P R O C E S S  ---------------

Threads class SMR info:
_java_thread_list=0x000001f7ad102290, length=37, elements={
0x000001f7f9139290, 0x000001f7fd697010, 0x000001f7fd698540, 0x000001f7fd6a7ad0,
0x000001f7fd6a84f0, 0x000001f7fd6a8a00, 0x000001f7fd6a9420, 0x000001f7fd6c4420,
0x000001f7fd6e5e00, 0x000001f7fd6eeee0, 0x000001f7fd6a8f10, 0x000001f7fd6a9930,
0x000001f7fd6aa860, 0x000001f7fd6a9e40, 0x000001f7fd6a7fe0, 0x000001f7fd6aa350,
0x000001f7fd6a70b0, 0x000001f7a9e59e70, 0x000001f7a9e58010, 0x000001f7a9e5d620,
0x000001f7a9e58a30, 0x000001f7a9e5a380, 0x000001f7a9e5b7c0, 0x000001f7a9e5ef70,
0x000001f7a9e5bcd0, 0x000001f7ab063aa0, 0x000001f7ab651060, 0x000001f7a9e5ada0,
0x000001f7a9e59960, 0x000001f7a9e58520, 0x000001f7a9e5f990, 0x000001f7a9e5a890,
0x000001f7a9e5d110, 0x000001f7a9e5e550, 0x000001f7ac465980, 0x000001f7ac460880,
0x000001f7ac466dc0
}

Java Threads: ( => current thread )
  0x000001f7f9139290 JavaThread "main" [_thread_blocked, id=17320, stack(0x000000383aa00000,0x000000383ab00000)]
  0x000001f7fd697010 JavaThread "Reference Handler" daemon [_thread_blocked, id=14104, stack(0x000000383b100000,0x000000383b200000)]
  0x000001f7fd698540 JavaThread "Finalizer" daemon [_thread_blocked, id=8776, stack(0x000000383b200000,0x000000383b300000)]
  0x000001f7fd6a7ad0 JavaThread "Signal Dispatcher" daemon [_thread_blocked, id=12080, stack(0x000000383b300000,0x000000383b400000)]
  0x000001f7fd6a84f0 JavaThread "Attach Listener" daemon [_thread_blocked, id=20180, stack(0x000000383b400000,0x000000383b500000)]
  0x000001f7fd6a8a00 JavaThread "Service Thread" daemon [_thread_blocked, id=17904, stack(0x000000383b500000,0x000000383b600000)]
  0x000001f7fd6a9420 JavaThread "Monitor Deflation Thread" daemon [_thread_blocked, id=13188, stack(0x000000383b600000,0x000000383b700000)]
=>0x000001f7fd6c4420 JavaThread "C2 CompilerThread0" daemon [_thread_in_native, id=16660, stack(0x000000383b700000,0x000000383b800000)]
  0x000001f7fd6e5e00 JavaThread "C1 CompilerThread0" daemon [_thread_in_native, id=10192, stack(0x000000383b800000,0x000000383b900000)]
  0x000001f7fd6eeee0 JavaThread "Sweeper thread" daemon [_thread_blocked, id=19100, stack(0x000000383b900000,0x000000383ba00000)]
  0x000001f7fd6a8f10 JavaThread "Common-Cleaner" daemon [_thread_blocked, id=1228, stack(0x000000383ba00000,0x000000383bb00000)]
  0x000001f7fd6a9930 JavaThread "Notification Thread" daemon [_thread_blocked, id=1764, stack(0x000000383bb00000,0x000000383bc00000)]
  0x000001f7fd6aa860 JavaThread "Daemon health stats" [_thread_blocked, id=16688, stack(0x000000383c400000,0x000000383c500000)]
  0x000001f7fd6a9e40 JavaThread "Incoming local TCP Connector on port 54371" [_thread_in_native, id=2800, stack(0x000000383bd00000,0x000000383be00000)]
  0x000001f7fd6a7fe0 JavaThread "Daemon periodic checks" [_thread_blocked, id=3624, stack(0x000000383c300000,0x000000383c400000)]
  0x000001f7fd6aa350 JavaThread "Daemon" [_thread_blocked, id=15004, stack(0x000000383c500000,0x000000383c600000)]
  0x000001f7fd6a70b0 JavaThread "Handler for socket connection from /127.0.0.1:54371 to /127.0.0.1:54372" [_thread_in_native, id=2812, stack(0x000000383c600000,0x000000383c700000)]
  0x000001f7a9e59e70 JavaThread "Cancel handler" [_thread_blocked, id=15236, stack(0x000000383c700000,0x000000383c800000)]
  0x000001f7a9e58010 JavaThread "Daemon worker" [_thread_in_vm, id=12148, stack(0x000000383c800000,0x000000383c900000)]
  0x000001f7a9e5d620 JavaThread "Asynchronous log dispatcher for DefaultDaemonConnection: socket connection from /127.0.0.1:54371 to /127.0.0.1:54372" [_thread_blocked, id=16568, stack(0x000000383c900000,0x000000383ca00000)]
  0x000001f7a9e58a30 JavaThread "Stdin handler" [_thread_blocked, id=6764, stack(0x000000383ca00000,0x000000383cb00000)]
  0x000001f7a9e5a380 JavaThread "Daemon client event forwarder" [_thread_blocked, id=16452, stack(0x000000383cb00000,0x000000383cc00000)]
  0x000001f7a9e5b7c0 JavaThread "Cache worker for journal cache (C:\Users\86178\.gradle\caches\journal-1)" [_thread_blocked, id=5696, stack(0x000000383cc00000,0x000000383cd00000)]
  0x000001f7a9e5ef70 JavaThread "File lock request listener" [_thread_in_native, id=13040, stack(0x000000383cd00000,0x000000383ce00000)]
  0x000001f7a9e5bcd0 JavaThread "Cache worker for file hash cache (C:\Users\86178\.gradle\caches\7.6.2\fileHashes)" [_thread_blocked, id=17664, stack(0x000000383ce00000,0x000000383cf00000)]
  0x000001f7ab063aa0 JavaThread "C2 CompilerThread1" daemon [_thread_in_native, id=13804, stack(0x000000383cf00000,0x000000383d000000)]
  0x000001f7ab651060 JavaThread "C2 CompilerThread2" daemon [_thread_in_native, id=16796, stack(0x000000383d000000,0x000000383d100000)]
  0x000001f7a9e5ada0 JavaThread "File watcher server" daemon [_thread_in_native, id=17472, stack(0x000000383d100000,0x000000383d200000)]
  0x000001f7a9e59960 JavaThread "File watcher consumer" daemon [_thread_blocked, id=6220, stack(0x000000383d200000,0x000000383d300000)]
  0x000001f7a9e58520 JavaThread "Cache worker for checksums cache (C:\Users\86178\IdeaProjects\tp\.gradle\7.6.2\checksums)" [_thread_blocked, id=16060, stack(0x000000383d300000,0x000000383d400000)]
  0x000001f7a9e5f990 JavaThread "Cache worker for file content cache (C:\Users\86178\.gradle\caches\7.6.2\fileContent)" [_thread_blocked, id=15048, stack(0x000000383d500000,0x000000383d600000)]
  0x000001f7a9e5a890 JavaThread "Cache worker for file hash cache (C:\Users\86178\IdeaProjects\tp\.gradle\7.6.2\fileHashes)" [_thread_blocked, id=14552, stack(0x000000383d600000,0x000000383d700000)]
  0x000001f7a9e5d110 JavaThread "Cache worker for execution history cache (C:\Users\86178\.gradle\caches\7.6.2\executionHistory)" [_thread_blocked, id=6932, stack(0x000000383de00000,0x000000383df00000)]
  0x000001f7a9e5e550 JavaThread "File lock release action executor" [_thread_blocked, id=13540, stack(0x000000383df00000,0x000000383e000000)]
  0x000001f7ac465980 JavaThread "jar transforms" [_thread_blocked, id=4228, stack(0x000000383e000000,0x000000383e100000)]
  0x000001f7ac460880 JavaThread "jar transforms Thread 2" [_thread_blocked, id=6696, stack(0x000000383e100000,0x000000383e200000)]
  0x000001f7ac466dc0 JavaThread "DisconnectableInputStream source reader" daemon [_thread_blocked, id=12480, stack(0x000000383d400000,0x000000383d500000)]

Other Threads:
  0x000001f7fd692950 VMThread "VM Thread" [stack: 0x000000383b000000,0x000000383b100000] [id=9460]
  0x000001f796be63c0 WatcherThread [stack: 0x000000383bc00000,0x000000383bd00000] [id=620]
  0x000001f7f9168d60 GCTaskThread "GC Thread#0" [stack: 0x000000383ab00000,0x000000383ac00000] [id=13376]
  0x000001f7a9940990 GCTaskThread "GC Thread#1" [stack: 0x000000383be00000,0x000000383bf00000] [id=20792]
  0x000001f7a9956af0 GCTaskThread "GC Thread#2" [stack: 0x000000383bf00000,0x000000383c000000] [id=9568]
  0x000001f7a9956db0 GCTaskThread "GC Thread#3" [stack: 0x000000383c000000,0x000000383c100000] [id=12320]
  0x000001f7a9957070 GCTaskThread "GC Thread#4" [stack: 0x000000383c100000,0x000000383c200000] [id=15744]
  0x000001f796d53670 GCTaskThread "GC Thread#5" [stack: 0x000000383c200000,0x000000383c300000] [id=2444]
  0x000001f7abf69dc0 GCTaskThread "GC Thread#6" [stack: 0x000000383d700000,0x000000383d800000] [id=17932]
  0x000001f7ade0d010 GCTaskThread "GC Thread#7" [stack: 0x000000383d800000,0x000000383d900000] [id=18164]
  0x000001f7ade0d2d0 GCTaskThread "GC Thread#8" [stack: 0x000000383d900000,0x000000383da00000] [id=19452]
  0x000001f7a9a15030 GCTaskThread "GC Thread#9" [stack: 0x000000383da00000,0x000000383db00000] [id=17312]
  0x000001f7f916dbc0 ConcurrentGCThread "G1 Main Marker" [stack: 0x000000383ac00000,0x000000383ad00000] [id=4708]
  0x000001f7f916e4f0 ConcurrentGCThread "G1 Conc#0" [stack: 0x000000383ad00000,0x000000383ae00000] [id=18268]
  0x000001f7ac9e8350 ConcurrentGCThread "G1 Conc#1" [stack: 0x000000383db00000,0x000000383dc00000] [id=20632]
  0x000001f7ac9e7590 ConcurrentGCThread "G1 Conc#2" [stack: 0x000000383dc00000,0x000000383dd00000] [id=10656]
  0x000001f7f91fd8e0 ConcurrentGCThread "G1 Refine#0" [stack: 0x000000383ae00000,0x000000383af00000] [id=4140]
  0x000001f7fd5563c0 ConcurrentGCThread "G1 Service" [stack: 0x000000383af00000,0x000000383b000000] [id=13380]

Threads with active compile tasks:
C2 CompilerThread0     6667 3406       4       java.util.regex.Pattern::compile (500 bytes)
C1 CompilerThread0     6667 3661   !   3       java.io.ObjectOutputStream::writeObject0 (620 bytes)
C2 CompilerThread1     6668 3529       4       org.codehaus.groovy.reflection.CachedMethod::compareTo (25 bytes)
C2 CompilerThread2     6668 3597   !   4       jdk.internal.loader.URLClassPath$JarLoader::getResource (354 bytes)

VM state: not at safepoint (normal execution)

VM Mutex/Monitor currently owned by a thread: None

OutOfMemory and StackOverflow Exception counts:
OutOfMemoryError java_heap_errors=1
LinkageErrors=73

Heap address: 0x00000000e0000000, size: 512 MB, Compressed Oops mode: 32-bit

CDS archive(s) mapped at: [0x000001f797000000-0x000001f797bb0000-0x000001f797bb0000), size 12255232, SharedBaseAddress: 0x000001f797000000, ArchiveRelocationMode: 1.
Compressed class space mapped at: 0x000001f798000000-0x000001f7a5000000, reserved size: 218103808
Narrow klass base: 0x000001f797000000, Narrow klass shift: 0, Narrow klass range: 0x100000000

GC Precious Log:
 CPUs: 12 total, 12 available
 Memory: 15182M
 Large Page Support: Disabled
 NUMA Support: Disabled
 Compressed Oops: Enabled (32-bit)
 Heap Region Size: 1M
 Heap Min Capacity: 256M
 Heap Initial Capacity: 256M
 Heap Max Capacity: 512M
 Pre-touch: Disabled
 Parallel Workers: 10
 Concurrent Workers: 3
 Concurrent Refinement Workers: 10
 Periodic GC: Disabled

Heap:
 garbage-first heap   total 262144K, used 91999K [0x00000000e0000000, 0x0000000100000000)
  region size 1024K, 79 young (80896K), 12 survivors (12288K)
 Metaspace       used 30997K, committed 31360K, reserved 278528K
  class space    used 4384K, committed 4544K, reserved 212992K

Heap Regions: E=young(eden), S=young(survivor), O=old, HS=humongous(starts), HC=humongous(continues), CS=collection set, F=free, OA=open archive, CA=closed archive, TAMS=top-at-mark-start (previous, next)
|   0|0x00000000e0000000, 0x00000000e0100000, 0x00000000e0100000|100%|HS|  |TAMS 0x00000000e0100000, 0x00000000e0000000| Complete 
|   1|0x00000000e0100000, 0x00000000e0200000, 0x00000000e0200000|100%|HC|  |TAMS 0x00000000e0200000, 0x00000000e0100000| Complete 
|   2|0x00000000e0200000, 0x00000000e0300000, 0x00000000e0300000|100%|HC|  |TAMS 0x00000000e0300000, 0x00000000e0200000| Complete 
|   3|0x00000000e0300000, 0x00000000e0400000, 0x00000000e0400000|100%| O|  |TAMS 0x00000000e0400000, 0x00000000e0300000| Untracked 
|   4|0x00000000e0400000, 0x00000000e0500000, 0x00000000e0500000|100%| O|  |TAMS 0x00000000e0500000, 0x00000000e0400000| Untracked 
|   5|0x00000000e0500000, 0x00000000e0600000, 0x00000000e0600000|100%| O|  |TAMS 0x00000000e0600000, 0x00000000e0500000| Untracked 
|   6|0x00000000e0600000, 0x00000000e0700000, 0x00000000e0700000|100%| O|  |TAMS 0x00000000e0700000, 0x00000000e0600000| Untracked 
|   7|0x00000000e0700000, 0x00000000e0800000, 0x00000000e0800000|100%|HS|  |TAMS 0x00000000e0700000, 0x00000000e0700000| Complete 
|   8|0x00000000e0800000, 0x00000000e0900000, 0x00000000e0900000|100%| O|  |TAMS 0x00000000e0900000, 0x00000000e0800000| Untracked 
|   9|0x00000000e0900000, 0x00000000e0a00000, 0x00000000e0a00000|100%| O|  |TAMS 0x00000000e0a00000, 0x00000000e0900000| Untracked 
|  10|0x00000000e0a00000, 0x00000000e0a67000, 0x00000000e0b00000| 40%| O|  |TAMS 0x00000000e0a67000, 0x00000000e0a00000| Untracked 
|  11|0x00000000e0b00000, 0x00000000e0c00000, 0x00000000e0c00000|100%|HS|  |TAMS 0x00000000e0b00000, 0x00000000e0b00000| Complete 
|  12|0x00000000e0c00000, 0x00000000e0d00000, 0x00000000e0d00000|100%|HC|  |TAMS 0x00000000e0c00000, 0x00000000e0c00000| Complete 
|  13|0x00000000e0d00000, 0x00000000e0d00000, 0x00000000e0e00000|  0%| F|  |TAMS 0x00000000e0d00000, 0x00000000e0d00000| Untracked 
|  14|0x00000000e0e00000, 0x00000000e0e00000, 0x00000000e0f00000|  0%| F|  |TAMS 0x00000000e0e00000, 0x00000000e0e00000| Untracked 
|  15|0x00000000e0f00000, 0x00000000e0f00000, 0x00000000e1000000|  0%| F|  |TAMS 0x00000000e0f00000, 0x00000000e0f00000| Untracked 
|  16|0x00000000e1000000, 0x00000000e1000000, 0x00000000e1100000|  0%| F|  |TAMS 0x00000000e1000000, 0x00000000e1000000| Untracked 
|  17|0x00000000e1100000, 0x00000000e1100000, 0x00000000e1200000|  0%| F|  |TAMS 0x00000000e1100000, 0x00000000e1100000| Untracked 
|  18|0x00000000e1200000, 0x00000000e1200000, 0x00000000e1300000|  0%| F|  |TAMS 0x00000000e1200000, 0x00000000e1200000| Untracked 
|  19|0x00000000e1300000, 0x00000000e1300000, 0x00000000e1400000|  0%| F|  |TAMS 0x00000000e1300000, 0x00000000e1300000| Untracked 
|  20|0x00000000e1400000, 0x00000000e1400000, 0x00000000e1500000|  0%| F|  |TAMS 0x00000000e1400000, 0x00000000e1400000| Untracked 
|  21|0x00000000e1500000, 0x00000000e1500000, 0x00000000e1600000|  0%| F|  |TAMS 0x00000000e1500000, 0x00000000e1500000| Untracked 
|  22|0x00000000e1600000, 0x00000000e1600000, 0x00000000e1700000|  0%| F|  |TAMS 0x00000000e1600000, 0x00000000e1600000| Untracked 
|  23|0x00000000e1700000, 0x00000000e1700000, 0x00000000e1800000|  0%| F|  |TAMS 0x00000000e1700000, 0x00000000e1700000| Untracked 
|  24|0x00000000e1800000, 0x00000000e1800000, 0x00000000e1900000|  0%| F|  |TAMS 0x00000000e1800000, 0x00000000e1800000| Untracked 
|  25|0x00000000e1900000, 0x00000000e1900000, 0x00000000e1a00000|  0%| F|  |TAMS 0x00000000e1900000, 0x00000000e1900000| Untracked 
|  26|0x00000000e1a00000, 0x00000000e1a00000, 0x00000000e1b00000|  0%| F|  |TAMS 0x00000000e1a00000, 0x00000000e1a00000| Untracked 
|  27|0x00000000e1b00000, 0x00000000e1b00000, 0x00000000e1c00000|  0%| F|  |TAMS 0x00000000e1b00000, 0x00000000e1b00000| Untracked 
|  28|0x00000000e1c00000, 0x00000000e1c00000, 0x00000000e1d00000|  0%| F|  |TAMS 0x00000000e1c00000, 0x00000000e1c00000| Untracked 
|  29|0x00000000e1d00000, 0x00000000e1d00000, 0x00000000e1e00000|  0%| F|  |TAMS 0x00000000e1d00000, 0x00000000e1d00000| Untracked 
|  30|0x00000000e1e00000, 0x00000000e1e00000, 0x00000000e1f00000|  0%| F|  |TAMS 0x00000000e1e00000, 0x00000000e1e00000| Untracked 
|  31|0x00000000e1f00000, 0x00000000e1f00000, 0x00000000e2000000|  0%| F|  |TAMS 0x00000000e1f00000, 0x00000000e1f00000| Untracked 
|  32|0x00000000e2000000, 0x00000000e2000000, 0x00000000e2100000|  0%| F|  |TAMS 0x00000000e2000000, 0x00000000e2000000| Untracked 
|  33|0x00000000e2100000, 0x00000000e2100000, 0x00000000e2200000|  0%| F|  |TAMS 0x00000000e2100000, 0x00000000e2100000| Untracked 
|  34|0x00000000e2200000, 0x00000000e2200000, 0x00000000e2300000|  0%| F|  |TAMS 0x00000000e2200000, 0x00000000e2200000| Untracked 
|  35|0x00000000e2300000, 0x00000000e2300000, 0x00000000e2400000|  0%| F|  |TAMS 0x00000000e2300000, 0x00000000e2300000| Untracked 
|  36|0x00000000e2400000, 0x00000000e2400000, 0x00000000e2500000|  0%| F|  |TAMS 0x00000000e2400000, 0x00000000e2400000| Untracked 
|  37|0x00000000e2500000, 0x00000000e2500000, 0x00000000e2600000|  0%| F|  |TAMS 0x00000000e2500000, 0x00000000e2500000| Untracked 
|  38|0x00000000e2600000, 0x00000000e2600000, 0x00000000e2700000|  0%| F|  |TAMS 0x00000000e2600000, 0x00000000e2600000| Untracked 
|  39|0x00000000e2700000, 0x00000000e2700000, 0x00000000e2800000|  0%| F|  |TAMS 0x00000000e2700000, 0x00000000e2700000| Untracked 
|  40|0x00000000e2800000, 0x00000000e2800000, 0x00000000e2900000|  0%| F|  |TAMS 0x00000000e2800000, 0x00000000e2800000| Untracked 
|  41|0x00000000e2900000, 0x00000000e2900000, 0x00000000e2a00000|  0%| F|  |TAMS 0x00000000e2900000, 0x00000000e2900000| Untracked 
|  42|0x00000000e2a00000, 0x00000000e2a00000, 0x00000000e2b00000|  0%| F|  |TAMS 0x00000000e2a00000, 0x00000000e2a00000| Untracked 
|  43|0x00000000e2b00000, 0x00000000e2b00000, 0x00000000e2c00000|  0%| F|  |TAMS 0x00000000e2b00000, 0x00000000e2b00000| Untracked 
|  44|0x00000000e2c00000, 0x00000000e2c00000, 0x00000000e2d00000|  0%| F|  |TAMS 0x00000000e2c00000, 0x00000000e2c00000| Untracked 
|  45|0x00000000e2d00000, 0x00000000e2d00000, 0x00000000e2e00000|  0%| F|  |TAMS 0x00000000e2d00000, 0x00000000e2d00000| Untracked 
|  46|0x00000000e2e00000, 0x00000000e2e00000, 0x00000000e2f00000|  0%| F|  |TAMS 0x00000000e2e00000, 0x00000000e2e00000| Untracked 
|  47|0x00000000e2f00000, 0x00000000e2f00000, 0x00000000e3000000|  0%| F|  |TAMS 0x00000000e2f00000, 0x00000000e2f00000| Untracked 
|  48|0x00000000e3000000, 0x00000000e3000000, 0x00000000e3100000|  0%| F|  |TAMS 0x00000000e3000000, 0x00000000e3000000| Untracked 
|  49|0x00000000e3100000, 0x00000000e3100000, 0x00000000e3200000|  0%| F|  |TAMS 0x00000000e3100000, 0x00000000e3100000| Untracked 
|  50|0x00000000e3200000, 0x00000000e3200000, 0x00000000e3300000|  0%| F|  |TAMS 0x00000000e3200000, 0x00000000e3200000| Untracked 
|  51|0x00000000e3300000, 0x00000000e3300000, 0x00000000e3400000|  0%| F|  |TAMS 0x00000000e3300000, 0x00000000e3300000| Untracked 
|  52|0x00000000e3400000, 0x00000000e3400000, 0x00000000e3500000|  0%| F|  |TAMS 0x00000000e3400000, 0x00000000e3400000| Untracked 
|  53|0x00000000e3500000, 0x00000000e3500000, 0x00000000e3600000|  0%| F|  |TAMS 0x00000000e3500000, 0x00000000e3500000| Untracked 
|  54|0x00000000e3600000, 0x00000000e3600000, 0x00000000e3700000|  0%| F|  |TAMS 0x00000000e3600000, 0x00000000e3600000| Untracked 
|  55|0x00000000e3700000, 0x00000000e3700000, 0x00000000e3800000|  0%| F|  |TAMS 0x00000000e3700000, 0x00000000e3700000| Untracked 
|  56|0x00000000e3800000, 0x00000000e3800000, 0x00000000e3900000|  0%| F|  |TAMS 0x00000000e3800000, 0x00000000e3800000| Untracked 
|  57|0x00000000e3900000, 0x00000000e3900000, 0x00000000e3a00000|  0%| F|  |TAMS 0x00000000e3900000, 0x00000000e3900000| Untracked 
|  58|0x00000000e3a00000, 0x00000000e3a00000, 0x00000000e3b00000|  0%| F|  |TAMS 0x00000000e3a00000, 0x00000000e3a00000| Untracked 
|  59|0x00000000e3b00000, 0x00000000e3b00000, 0x00000000e3c00000|  0%| F|  |TAMS 0x00000000e3b00000, 0x00000000e3b00000| Untracked 
|  60|0x00000000e3c00000, 0x00000000e3c00000, 0x00000000e3d00000|  0%| F|  |TAMS 0x00000000e3c00000, 0x00000000e3c00000| Untracked 
|  61|0x00000000e3d00000, 0x00000000e3d00000, 0x00000000e3e00000|  0%| F|  |TAMS 0x00000000e3d00000, 0x00000000e3d00000| Untracked 
|  62|0x00000000e3e00000, 0x00000000e3e00000, 0x00000000e3f00000|  0%| F|  |TAMS 0x00000000e3e00000, 0x00000000e3e00000| Untracked 
|  63|0x00000000e3f00000, 0x00000000e3f00000, 0x00000000e4000000|  0%| F|  |TAMS 0x00000000e3f00000, 0x00000000e3f00000| Untracked 
|  64|0x00000000e4000000, 0x00000000e4000000, 0x00000000e4100000|  0%| F|  |TAMS 0x00000000e4000000, 0x00000000e4000000| Untracked 
|  65|0x00000000e4100000, 0x00000000e4100000, 0x00000000e4200000|  0%| F|  |TAMS 0x00000000e4100000, 0x00000000e4100000| Untracked 
|  66|0x00000000e4200000, 0x00000000e4200000, 0x00000000e4300000|  0%| F|  |TAMS 0x00000000e4200000, 0x00000000e4200000| Untracked 
|  67|0x00000000e4300000, 0x00000000e4300000, 0x00000000e4400000|  0%| F|  |TAMS 0x00000000e4300000, 0x00000000e4300000| Untracked 
|  68|0x00000000e4400000, 0x00000000e4400000, 0x00000000e4500000|  0%| F|  |TAMS 0x00000000e4400000, 0x00000000e4400000| Untracked 
|  69|0x00000000e4500000, 0x00000000e4500000, 0x00000000e4600000|  0%| F|  |TAMS 0x00000000e4500000, 0x00000000e4500000| Untracked 
|  70|0x00000000e4600000, 0x00000000e4600000, 0x00000000e4700000|  0%| F|  |TAMS 0x00000000e4600000, 0x00000000e4600000| Untracked 
|  71|0x00000000e4700000, 0x00000000e4700000, 0x00000000e4800000|  0%| F|  |TAMS 0x00000000e4700000, 0x00000000e4700000| Untracked 
|  72|0x00000000e4800000, 0x00000000e4800000, 0x00000000e4900000|  0%| F|  |TAMS 0x00000000e4800000, 0x00000000e4800000| Untracked 
|  73|0x00000000e4900000, 0x00000000e4900000, 0x00000000e4a00000|  0%| F|  |TAMS 0x00000000e4900000, 0x00000000e4900000| Untracked 
|  74|0x00000000e4a00000, 0x00000000e4a00000, 0x00000000e4b00000|  0%| F|  |TAMS 0x00000000e4a00000, 0x00000000e4a00000| Untracked 
|  75|0x00000000e4b00000, 0x00000000e4b00000, 0x00000000e4c00000|  0%| F|  |TAMS 0x00000000e4b00000, 0x00000000e4b00000| Untracked 
|  76|0x00000000e4c00000, 0x00000000e4c00000, 0x00000000e4d00000|  0%| F|  |TAMS 0x00000000e4c00000, 0x00000000e4c00000| Untracked 
|  77|0x00000000e4d00000, 0x00000000e4d00000, 0x00000000e4e00000|  0%| F|  |TAMS 0x00000000e4d00000, 0x00000000e4d00000| Untracked 
|  78|0x00000000e4e00000, 0x00000000e4e00000, 0x00000000e4f00000|  0%| F|  |TAMS 0x00000000e4e00000, 0x00000000e4e00000| Untracked 
|  79|0x00000000e4f00000, 0x00000000e4f00000, 0x00000000e5000000|  0%| F|  |TAMS 0x00000000e4f00000, 0x00000000e4f00000| Untracked 
|  80|0x00000000e5000000, 0x00000000e5000000, 0x00000000e5100000|  0%| F|  |TAMS 0x00000000e5000000, 0x00000000e5000000| Untracked 
|  81|0x00000000e5100000, 0x00000000e5100000, 0x00000000e5200000|  0%| F|  |TAMS 0x00000000e5100000, 0x00000000e5100000| Untracked 
|  82|0x00000000e5200000, 0x00000000e5200000, 0x00000000e5300000|  0%| F|  |TAMS 0x00000000e5200000, 0x00000000e5200000| Untracked 
|  83|0x00000000e5300000, 0x00000000e5300000, 0x00000000e5400000|  0%| F|  |TAMS 0x00000000e5300000, 0x00000000e5300000| Untracked 
|  84|0x00000000e5400000, 0x00000000e5400000, 0x00000000e5500000|  0%| F|  |TAMS 0x00000000e5400000, 0x00000000e5400000| Untracked 
|  85|0x00000000e5500000, 0x00000000e5500000, 0x00000000e5600000|  0%| F|  |TAMS 0x00000000e5500000, 0x00000000e5500000| Untracked 
|  86|0x00000000e5600000, 0x00000000e5600000, 0x00000000e5700000|  0%| F|  |TAMS 0x00000000e5600000, 0x00000000e5600000| Untracked 
|  87|0x00000000e5700000, 0x00000000e5700000, 0x00000000e5800000|  0%| F|  |TAMS 0x00000000e5700000, 0x00000000e5700000| Untracked 
|  88|0x00000000e5800000, 0x00000000e5800000, 0x00000000e5900000|  0%| F|  |TAMS 0x00000000e5800000, 0x00000000e5800000| Untracked 
|  89|0x00000000e5900000, 0x00000000e5900000, 0x00000000e5a00000|  0%| F|  |TAMS 0x00000000e5900000, 0x00000000e5900000| Untracked 
|  90|0x00000000e5a00000, 0x00000000e5a00000, 0x00000000e5b00000|  0%| F|  |TAMS 0x00000000e5a00000, 0x00000000e5a00000| Untracked 
|  91|0x00000000e5b00000, 0x00000000e5b00000, 0x00000000e5c00000|  0%| F|  |TAMS 0x00000000e5b00000, 0x00000000e5b00000| Untracked 
|  92|0x00000000e5c00000, 0x00000000e5c00000, 0x00000000e5d00000|  0%| F|  |TAMS 0x00000000e5c00000, 0x00000000e5c00000| Untracked 
|  93|0x00000000e5d00000, 0x00000000e5d00000, 0x00000000e5e00000|  0%| F|  |TAMS 0x00000000e5d00000, 0x00000000e5d00000| Untracked 
|  94|0x00000000e5e00000, 0x00000000e5e00000, 0x00000000e5f00000|  0%| F|  |TAMS 0x00000000e5e00000, 0x00000000e5e00000| Untracked 
|  95|0x00000000e5f00000, 0x00000000e5f00000, 0x00000000e6000000|  0%| F|  |TAMS 0x00000000e5f00000, 0x00000000e5f00000| Untracked 
|  96|0x00000000e6000000, 0x00000000e6000000, 0x00000000e6100000|  0%| F|  |TAMS 0x00000000e6000000, 0x00000000e6000000| Untracked 
|  97|0x00000000e6100000, 0x00000000e6100000, 0x00000000e6200000|  0%| F|  |TAMS 0x00000000e6100000, 0x00000000e6100000| Untracked 
|  98|0x00000000e6200000, 0x00000000e6200000, 0x00000000e6300000|  0%| F|  |TAMS 0x00000000e6200000, 0x00000000e6200000| Untracked 
|  99|0x00000000e6300000, 0x00000000e6300000, 0x00000000e6400000|  0%| F|  |TAMS 0x00000000e6300000, 0x00000000e6300000| Untracked 
| 100|0x00000000e6400000, 0x00000000e6400000, 0x00000000e6500000|  0%| F|  |TAMS 0x00000000e6400000, 0x00000000e6400000| Untracked 
| 101|0x00000000e6500000, 0x00000000e6500000, 0x00000000e6600000|  0%| F|  |TAMS 0x00000000e6500000, 0x00000000e6500000| Untracked 
| 102|0x00000000e6600000, 0x00000000e6600000, 0x00000000e6700000|  0%| F|  |TAMS 0x00000000e6600000, 0x00000000e6600000| Untracked 
| 103|0x00000000e6700000, 0x00000000e6700000, 0x00000000e6800000|  0%| F|  |TAMS 0x00000000e6700000, 0x00000000e6700000| Untracked 
| 104|0x00000000e6800000, 0x00000000e6800000, 0x00000000e6900000|  0%| F|  |TAMS 0x00000000e6800000, 0x00000000e6800000| Untracked 
| 105|0x00000000e6900000, 0x00000000e6900000, 0x00000000e6a00000|  0%| F|  |TAMS 0x00000000e6900000, 0x00000000e6900000| Untracked 
| 106|0x00000000e6a00000, 0x00000000e6a00000, 0x00000000e6b00000|  0%| F|  |TAMS 0x00000000e6a00000, 0x00000000e6a00000| Untracked 
| 107|0x00000000e6b00000, 0x00000000e6b00000, 0x00000000e6c00000|  0%| F|  |TAMS 0x00000000e6b00000, 0x00000000e6b00000| Untracked 
| 108|0x00000000e6c00000, 0x00000000e6c00000, 0x00000000e6d00000|  0%| F|  |TAMS 0x00000000e6c00000, 0x00000000e6c00000| Untracked 
| 109|0x00000000e6d00000, 0x00000000e6d00000, 0x00000000e6e00000|  0%| F|  |TAMS 0x00000000e6d00000, 0x00000000e6d00000| Untracked 
| 110|0x00000000e6e00000, 0x00000000e6e00000, 0x00000000e6f00000|  0%| F|  |TAMS 0x00000000e6e00000, 0x00000000e6e00000| Untracked 
| 111|0x00000000e6f00000, 0x00000000e6f00000, 0x00000000e7000000|  0%| F|  |TAMS 0x00000000e6f00000, 0x00000000e6f00000| Untracked 
| 112|0x00000000e7000000, 0x00000000e7000000, 0x00000000e7100000|  0%| F|  |TAMS 0x00000000e7000000, 0x00000000e7000000| Untracked 
| 113|0x00000000e7100000, 0x00000000e7100000, 0x00000000e7200000|  0%| F|  |TAMS 0x00000000e7100000, 0x00000000e7100000| Untracked 
| 114|0x00000000e7200000, 0x00000000e7200000, 0x00000000e7300000|  0%| F|  |TAMS 0x00000000e7200000, 0x00000000e7200000| Untracked 
| 115|0x00000000e7300000, 0x00000000e7300000, 0x00000000e7400000|  0%| F|  |TAMS 0x00000000e7300000, 0x00000000e7300000| Untracked 
| 116|0x00000000e7400000, 0x00000000e7400000, 0x00000000e7500000|  0%| F|  |TAMS 0x00000000e7400000, 0x00000000e7400000| Untracked 
| 117|0x00000000e7500000, 0x00000000e7500000, 0x00000000e7600000|  0%| F|  |TAMS 0x00000000e7500000, 0x00000000e7500000| Untracked 
| 118|0x00000000e7600000, 0x00000000e7600000, 0x00000000e7700000|  0%| F|  |TAMS 0x00000000e7600000, 0x00000000e7600000| Untracked 
| 119|0x00000000e7700000, 0x00000000e7700000, 0x00000000e7800000|  0%| F|  |TAMS 0x00000000e7700000, 0x00000000e7700000| Untracked 
| 120|0x00000000e7800000, 0x00000000e7800000, 0x00000000e7900000|  0%| F|  |TAMS 0x00000000e7800000, 0x00000000e7800000| Untracked 
| 121|0x00000000e7900000, 0x00000000e7900000, 0x00000000e7a00000|  0%| F|  |TAMS 0x00000000e7900000, 0x00000000e7900000| Untracked 
| 122|0x00000000e7a00000, 0x00000000e7a00000, 0x00000000e7b00000|  0%| F|  |TAMS 0x00000000e7a00000, 0x00000000e7a00000| Untracked 
| 123|0x00000000e7b00000, 0x00000000e7b00000, 0x00000000e7c00000|  0%| F|  |TAMS 0x00000000e7b00000, 0x00000000e7b00000| Untracked 
| 124|0x00000000e7c00000, 0x00000000e7c00000, 0x00000000e7d00000|  0%| F|  |TAMS 0x00000000e7c00000, 0x00000000e7c00000| Untracked 
| 125|0x00000000e7d00000, 0x00000000e7d00000, 0x00000000e7e00000|  0%| F|  |TAMS 0x00000000e7d00000, 0x00000000e7d00000| Untracked 
| 126|0x00000000e7e00000, 0x00000000e7e00000, 0x00000000e7f00000|  0%| F|  |TAMS 0x00000000e7e00000, 0x00000000e7e00000| Untracked 
| 127|0x00000000e7f00000, 0x00000000e7f00000, 0x00000000e8000000|  0%| F|  |TAMS 0x00000000e7f00000, 0x00000000e7f00000| Untracked 
| 128|0x00000000e8000000, 0x00000000e8000000, 0x00000000e8100000|  0%| F|  |TAMS 0x00000000e8000000, 0x00000000e8000000| Untracked 
| 129|0x00000000e8100000, 0x00000000e8100000, 0x00000000e8200000|  0%| F|  |TAMS 0x00000000e8100000, 0x00000000e8100000| Untracked 
| 130|0x00000000e8200000, 0x00000000e8200000, 0x00000000e8300000|  0%| F|  |TAMS 0x00000000e8200000, 0x00000000e8200000| Untracked 
| 131|0x00000000e8300000, 0x00000000e8300000, 0x00000000e8400000|  0%| F|  |TAMS 0x00000000e8300000, 0x00000000e8300000| Untracked 
| 132|0x00000000e8400000, 0x00000000e8400000, 0x00000000e8500000|  0%| F|  |TAMS 0x00000000e8400000, 0x00000000e8400000| Untracked 
| 133|0x00000000e8500000, 0x00000000e8500000, 0x00000000e8600000|  0%| F|  |TAMS 0x00000000e8500000, 0x00000000e8500000| Untracked 
| 134|0x00000000e8600000, 0x00000000e8600000, 0x00000000e8700000|  0%| F|  |TAMS 0x00000000e8600000, 0x00000000e8600000| Untracked 
| 135|0x00000000e8700000, 0x00000000e8700000, 0x00000000e8800000|  0%| F|  |TAMS 0x00000000e8700000, 0x00000000e8700000| Untracked 
| 136|0x00000000e8800000, 0x00000000e8800000, 0x00000000e8900000|  0%| F|  |TAMS 0x00000000e8800000, 0x00000000e8800000| Untracked 
| 137|0x00000000e8900000, 0x00000000e8900000, 0x00000000e8a00000|  0%| F|  |TAMS 0x00000000e8900000, 0x00000000e8900000| Untracked 
| 138|0x00000000e8a00000, 0x00000000e8a00000, 0x00000000e8b00000|  0%| F|  |TAMS 0x00000000e8a00000, 0x00000000e8a00000| Untracked 
| 139|0x00000000e8b00000, 0x00000000e8b00000, 0x00000000e8c00000|  0%| F|  |TAMS 0x00000000e8b00000, 0x00000000e8b00000| Untracked 
| 140|0x00000000e8c00000, 0x00000000e8c00000, 0x00000000e8d00000|  0%| F|  |TAMS 0x00000000e8c00000, 0x00000000e8c00000| Untracked 
| 141|0x00000000e8d00000, 0x00000000e8d70ec8, 0x00000000e8e00000| 44%| S|CS|TAMS 0x00000000e8d00000, 0x00000000e8d00000| Complete 
| 142|0x00000000e8e00000, 0x00000000e8f00000, 0x00000000e8f00000|100%| S|CS|TAMS 0x00000000e8e00000, 0x00000000e8e00000| Complete 
| 143|0x00000000e8f00000, 0x00000000e9000000, 0x00000000e9000000|100%| S|CS|TAMS 0x00000000e8f00000, 0x00000000e8f00000| Complete 
| 144|0x00000000e9000000, 0x00000000e9100000, 0x00000000e9100000|100%| S|CS|TAMS 0x00000000e9000000, 0x00000000e9000000| Complete 
| 145|0x00000000e9100000, 0x00000000e9200000, 0x00000000e9200000|100%| S|CS|TAMS 0x00000000e9100000, 0x00000000e9100000| Complete 
| 146|0x00000000e9200000, 0x00000000e9300000, 0x00000000e9300000|100%| S|CS|TAMS 0x00000000e9200000, 0x00000000e9200000| Complete 
| 147|0x00000000e9300000, 0x00000000e9400000, 0x00000000e9400000|100%| S|CS|TAMS 0x00000000e9300000, 0x00000000e9300000| Complete 
| 148|0x00000000e9400000, 0x00000000e9500000, 0x00000000e9500000|100%| S|CS|TAMS 0x00000000e9400000, 0x00000000e9400000| Complete 
| 149|0x00000000e9500000, 0x00000000e9600000, 0x00000000e9600000|100%| S|CS|TAMS 0x00000000e9500000, 0x00000000e9500000| Complete 
| 150|0x00000000e9600000, 0x00000000e9700000, 0x00000000e9700000|100%| S|CS|TAMS 0x00000000e9600000, 0x00000000e9600000| Complete 
| 151|0x00000000e9700000, 0x00000000e9800000, 0x00000000e9800000|100%| S|CS|TAMS 0x00000000e9700000, 0x00000000e9700000| Complete 
| 152|0x00000000e9800000, 0x00000000e9900000, 0x00000000e9900000|100%| S|CS|TAMS 0x00000000e9800000, 0x00000000e9800000| Complete 
| 153|0x00000000e9900000, 0x00000000e9900000, 0x00000000e9a00000|  0%| F|  |TAMS 0x00000000e9900000, 0x00000000e9900000| Untracked 
| 154|0x00000000e9a00000, 0x00000000e9a00000, 0x00000000e9b00000|  0%| F|  |TAMS 0x00000000e9a00000, 0x00000000e9a00000| Untracked 
| 155|0x00000000e9b00000, 0x00000000e9b00000, 0x00000000e9c00000|  0%| F|  |TAMS 0x00000000e9b00000, 0x00000000e9b00000| Untracked 
| 156|0x00000000e9c00000, 0x00000000e9c00000, 0x00000000e9d00000|  0%| F|  |TAMS 0x00000000e9c00000, 0x00000000e9c00000| Untracked 
| 157|0x00000000e9d00000, 0x00000000e9d00000, 0x00000000e9e00000|  0%| F|  |TAMS 0x00000000e9d00000, 0x00000000e9d00000| Untracked 
| 158|0x00000000e9e00000, 0x00000000e9e00000, 0x00000000e9f00000|  0%| F|  |TAMS 0x00000000e9e00000, 0x00000000e9e00000| Untracked 
| 159|0x00000000e9f00000, 0x00000000e9f00000, 0x00000000ea000000|  0%| F|  |TAMS 0x00000000e9f00000, 0x00000000e9f00000| Untracked 
| 160|0x00000000ea000000, 0x00000000ea000000, 0x00000000ea100000|  0%| F|  |TAMS 0x00000000ea000000, 0x00000000ea000000| Untracked 
| 161|0x00000000ea100000, 0x00000000ea100000, 0x00000000ea200000|  0%| F|  |TAMS 0x00000000ea100000, 0x00000000ea100000| Untracked 
| 162|0x00000000ea200000, 0x00000000ea200000, 0x00000000ea300000|  0%| F|  |TAMS 0x00000000ea200000, 0x00000000ea200000| Untracked 
| 163|0x00000000ea300000, 0x00000000ea300000, 0x00000000ea400000|  0%| F|  |TAMS 0x00000000ea300000, 0x00000000ea300000| Untracked 
| 164|0x00000000ea400000, 0x00000000ea400000, 0x00000000ea500000|  0%| F|  |TAMS 0x00000000ea400000, 0x00000000ea400000| Untracked 
| 165|0x00000000ea500000, 0x00000000ea500000, 0x00000000ea600000|  0%| F|  |TAMS 0x00000000ea500000, 0x00000000ea500000| Untracked 
| 166|0x00000000ea600000, 0x00000000ea600000, 0x00000000ea700000|  0%| F|  |TAMS 0x00000000ea600000, 0x00000000ea600000| Untracked 
| 167|0x00000000ea700000, 0x00000000ea700000, 0x00000000ea800000|  0%| F|  |TAMS 0x00000000ea700000, 0x00000000ea700000| Untracked 
| 168|0x00000000ea800000, 0x00000000ea800000, 0x00000000ea900000|  0%| F|  |TAMS 0x00000000ea800000, 0x00000000ea800000| Untracked 
| 169|0x00000000ea900000, 0x00000000ea900000, 0x00000000eaa00000|  0%| F|  |TAMS 0x00000000ea900000, 0x00000000ea900000| Untracked 
| 170|0x00000000eaa00000, 0x00000000eaa00000, 0x00000000eab00000|  0%| F|  |TAMS 0x00000000eaa00000, 0x00000000eaa00000| Untracked 
| 171|0x00000000eab00000, 0x00000000eab00000, 0x00000000eac00000|  0%| F|  |TAMS 0x00000000eab00000, 0x00000000eab00000| Untracked 
| 172|0x00000000eac00000, 0x00000000eac00000, 0x00000000ead00000|  0%| F|  |TAMS 0x00000000eac00000, 0x00000000eac00000| Untracked 
| 173|0x00000000ead00000, 0x00000000ead00000, 0x00000000eae00000|  0%| F|  |TAMS 0x00000000ead00000, 0x00000000ead00000| Untracked 
| 174|0x00000000eae00000, 0x00000000eae00000, 0x00000000eaf00000|  0%| F|  |TAMS 0x00000000eae00000, 0x00000000eae00000| Untracked 
| 175|0x00000000eaf00000, 0x00000000eaf00000, 0x00000000eb000000|  0%| F|  |TAMS 0x00000000eaf00000, 0x00000000eaf00000| Untracked 
| 176|0x00000000eb000000, 0x00000000eb000000, 0x00000000eb100000|  0%| F|  |TAMS 0x00000000eb000000, 0x00000000eb000000| Untracked 
| 177|0x00000000eb100000, 0x00000000eb100000, 0x00000000eb200000|  0%| F|  |TAMS 0x00000000eb100000, 0x00000000eb100000| Untracked 
| 178|0x00000000eb200000, 0x00000000eb200000, 0x00000000eb300000|  0%| F|  |TAMS 0x00000000eb200000, 0x00000000eb200000| Untracked 
| 179|0x00000000eb300000, 0x00000000eb300000, 0x00000000eb400000|  0%| F|  |TAMS 0x00000000eb300000, 0x00000000eb300000| Untracked 
| 180|0x00000000eb400000, 0x00000000eb400000, 0x00000000eb500000|  0%| F|  |TAMS 0x00000000eb400000, 0x00000000eb400000| Untracked 
| 181|0x00000000eb500000, 0x00000000eb500000, 0x00000000eb600000|  0%| F|  |TAMS 0x00000000eb500000, 0x00000000eb500000| Untracked 
| 182|0x00000000eb600000, 0x00000000eb600000, 0x00000000eb700000|  0%| F|  |TAMS 0x00000000eb600000, 0x00000000eb600000| Untracked 
| 183|0x00000000eb700000, 0x00000000eb700000, 0x00000000eb800000|  0%| F|  |TAMS 0x00000000eb700000, 0x00000000eb700000| Untracked 
| 184|0x00000000eb800000, 0x00000000eb800000, 0x00000000eb900000|  0%| F|  |TAMS 0x00000000eb800000, 0x00000000eb800000| Untracked 
| 185|0x00000000eb900000, 0x00000000eb900000, 0x00000000eba00000|  0%| F|  |TAMS 0x00000000eb900000, 0x00000000eb900000| Untracked 
| 186|0x00000000eba00000, 0x00000000eba00000, 0x00000000ebb00000|  0%| F|  |TAMS 0x00000000eba00000, 0x00000000eba00000| Untracked 
| 187|0x00000000ebb00000, 0x00000000ebb00000, 0x00000000ebc00000|  0%| F|  |TAMS 0x00000000ebb00000, 0x00000000ebb00000| Untracked 
| 188|0x00000000ebc00000, 0x00000000ebcfd240, 0x00000000ebd00000| 98%| E|  |TAMS 0x00000000ebc00000, 0x00000000ebc00000| Complete 
| 189|0x00000000ebd00000, 0x00000000ebe00000, 0x00000000ebe00000|100%| E|CS|TAMS 0x00000000ebd00000, 0x00000000ebd00000| Complete 
| 190|0x00000000ebe00000, 0x00000000ebf00000, 0x00000000ebf00000|100%| E|CS|TAMS 0x00000000ebe00000, 0x00000000ebe00000| Complete 
| 191|0x00000000ebf00000, 0x00000000ec000000, 0x00000000ec000000|100%| E|CS|TAMS 0x00000000ebf00000, 0x00000000ebf00000| Complete 
| 192|0x00000000ec000000, 0x00000000ec100000, 0x00000000ec100000|100%| E|CS|TAMS 0x00000000ec000000, 0x00000000ec000000| Complete 
| 193|0x00000000ec100000, 0x00000000ec200000, 0x00000000ec200000|100%| E|CS|TAMS 0x00000000ec100000, 0x00000000ec100000| Complete 
| 194|0x00000000ec200000, 0x00000000ec300000, 0x00000000ec300000|100%| E|CS|TAMS 0x00000000ec200000, 0x00000000ec200000| Complete 
| 195|0x00000000ec300000, 0x00000000ec400000, 0x00000000ec400000|100%| E|CS|TAMS 0x00000000ec300000, 0x00000000ec300000| Complete 
| 196|0x00000000ec400000, 0x00000000ec500000, 0x00000000ec500000|100%| E|CS|TAMS 0x00000000ec400000, 0x00000000ec400000| Complete 
| 197|0x00000000ec500000, 0x00000000ec600000, 0x00000000ec600000|100%| E|CS|TAMS 0x00000000ec500000, 0x00000000ec500000| Complete 
| 198|0x00000000ec600000, 0x00000000ec700000, 0x00000000ec700000|100%| E|CS|TAMS 0x00000000ec600000, 0x00000000ec600000| Complete 
| 199|0x00000000ec700000, 0x00000000ec800000, 0x00000000ec800000|100%| E|CS|TAMS 0x00000000ec700000, 0x00000000ec700000| Complete 
| 200|0x00000000ec800000, 0x00000000ec900000, 0x00000000ec900000|100%| E|CS|TAMS 0x00000000ec800000, 0x00000000ec800000| Complete 
| 201|0x00000000ec900000, 0x00000000eca00000, 0x00000000eca00000|100%| E|CS|TAMS 0x00000000ec900000, 0x00000000ec900000| Complete 
| 202|0x00000000eca00000, 0x00000000ecb00000, 0x00000000ecb00000|100%| E|CS|TAMS 0x00000000eca00000, 0x00000000eca00000| Complete 
| 203|0x00000000ecb00000, 0x00000000ecc00000, 0x00000000ecc00000|100%| E|CS|TAMS 0x00000000ecb00000, 0x00000000ecb00000| Complete 
| 204|0x00000000ecc00000, 0x00000000ecd00000, 0x00000000ecd00000|100%| E|CS|TAMS 0x00000000ecc00000, 0x00000000ecc00000| Complete 
| 205|0x00000000ecd00000, 0x00000000ece00000, 0x00000000ece00000|100%| E|CS|TAMS 0x00000000ecd00000, 0x00000000ecd00000| Complete 
| 206|0x00000000ece00000, 0x00000000ecf00000, 0x00000000ecf00000|100%| E|CS|TAMS 0x00000000ece00000, 0x00000000ece00000| Complete 
| 207|0x00000000ecf00000, 0x00000000ed000000, 0x00000000ed000000|100%| E|CS|TAMS 0x00000000ecf00000, 0x00000000ecf00000| Complete 
| 208|0x00000000ed000000, 0x00000000ed100000, 0x00000000ed100000|100%| E|CS|TAMS 0x00000000ed000000, 0x00000000ed000000| Complete 
| 209|0x00000000ed100000, 0x00000000ed200000, 0x00000000ed200000|100%| E|CS|TAMS 0x00000000ed100000, 0x00000000ed100000| Complete 
| 210|0x00000000ed200000, 0x00000000ed300000, 0x00000000ed300000|100%| E|CS|TAMS 0x00000000ed200000, 0x00000000ed200000| Complete 
| 211|0x00000000ed300000, 0x00000000ed400000, 0x00000000ed400000|100%| E|CS|TAMS 0x00000000ed300000, 0x00000000ed300000| Complete 
| 212|0x00000000ed400000, 0x00000000ed500000, 0x00000000ed500000|100%| E|CS|TAMS 0x00000000ed400000, 0x00000000ed400000| Complete 
| 213|0x00000000ed500000, 0x00000000ed600000, 0x00000000ed600000|100%| E|CS|TAMS 0x00000000ed500000, 0x00000000ed500000| Complete 
| 214|0x00000000ed600000, 0x00000000ed700000, 0x00000000ed700000|100%| E|CS|TAMS 0x00000000ed600000, 0x00000000ed600000| Complete 
| 215|0x00000000ed700000, 0x00000000ed800000, 0x00000000ed800000|100%| E|CS|TAMS 0x00000000ed700000, 0x00000000ed700000| Complete 
| 216|0x00000000ed800000, 0x00000000ed900000, 0x00000000ed900000|100%| E|CS|TAMS 0x00000000ed800000, 0x00000000ed800000| Complete 
| 217|0x00000000ed900000, 0x00000000eda00000, 0x00000000eda00000|100%| E|CS|TAMS 0x00000000ed900000, 0x00000000ed900000| Complete 
| 218|0x00000000eda00000, 0x00000000edb00000, 0x00000000edb00000|100%| E|CS|TAMS 0x00000000eda00000, 0x00000000eda00000| Complete 
| 219|0x00000000edb00000, 0x00000000edc00000, 0x00000000edc00000|100%| E|CS|TAMS 0x00000000edb00000, 0x00000000edb00000| Complete 
| 220|0x00000000edc00000, 0x00000000edd00000, 0x00000000edd00000|100%| E|CS|TAMS 0x00000000edc00000, 0x00000000edc00000| Complete 
| 221|0x00000000edd00000, 0x00000000ede00000, 0x00000000ede00000|100%| E|CS|TAMS 0x00000000edd00000, 0x00000000edd00000| Complete 
| 222|0x00000000ede00000, 0x00000000edf00000, 0x00000000edf00000|100%| E|CS|TAMS 0x00000000ede00000, 0x00000000ede00000| Complete 
| 223|0x00000000edf00000, 0x00000000ee000000, 0x00000000ee000000|100%| E|CS|TAMS 0x00000000edf00000, 0x00000000edf00000| Complete 
| 224|0x00000000ee000000, 0x00000000ee100000, 0x00000000ee100000|100%| E|CS|TAMS 0x00000000ee000000, 0x00000000ee000000| Complete 
| 225|0x00000000ee100000, 0x00000000ee200000, 0x00000000ee200000|100%| E|CS|TAMS 0x00000000ee100000, 0x00000000ee100000| Complete 
| 226|0x00000000ee200000, 0x00000000ee300000, 0x00000000ee300000|100%| E|CS|TAMS 0x00000000ee200000, 0x00000000ee200000| Complete 
| 227|0x00000000ee300000, 0x00000000ee400000, 0x00000000ee400000|100%| E|CS|TAMS 0x00000000ee300000, 0x00000000ee300000| Complete 
| 228|0x00000000ee400000, 0x00000000ee500000, 0x00000000ee500000|100%| E|CS|TAMS 0x00000000ee400000, 0x00000000ee400000| Complete 
| 229|0x00000000ee500000, 0x00000000ee600000, 0x00000000ee600000|100%| E|CS|TAMS 0x00000000ee500000, 0x00000000ee500000| Complete 
| 230|0x00000000ee600000, 0x00000000ee700000, 0x00000000ee700000|100%| E|CS|TAMS 0x00000000ee600000, 0x00000000ee600000| Complete 
| 231|0x00000000ee700000, 0x00000000ee800000, 0x00000000ee800000|100%| E|CS|TAMS 0x00000000ee700000, 0x00000000ee700000| Complete 
| 232|0x00000000ee800000, 0x00000000ee900000, 0x00000000ee900000|100%| E|CS|TAMS 0x00000000ee800000, 0x00000000ee800000| Complete 
| 233|0x00000000ee900000, 0x00000000eea00000, 0x00000000eea00000|100%| E|CS|TAMS 0x00000000ee900000, 0x00000000ee900000| Complete 
| 234|0x00000000eea00000, 0x00000000eeb00000, 0x00000000eeb00000|100%| E|CS|TAMS 0x00000000eea00000, 0x00000000eea00000| Complete 
| 235|0x00000000eeb00000, 0x00000000eec00000, 0x00000000eec00000|100%| E|CS|TAMS 0x00000000eeb00000, 0x00000000eeb00000| Complete 
| 236|0x00000000eec00000, 0x00000000eed00000, 0x00000000eed00000|100%| E|CS|TAMS 0x00000000eec00000, 0x00000000eec00000| Complete 
| 237|0x00000000eed00000, 0x00000000eee00000, 0x00000000eee00000|100%| E|CS|TAMS 0x00000000eed00000, 0x00000000eed00000| Complete 
| 238|0x00000000eee00000, 0x00000000eef00000, 0x00000000eef00000|100%| E|CS|TAMS 0x00000000eee00000, 0x00000000eee00000| Complete 
| 239|0x00000000eef00000, 0x00000000ef000000, 0x00000000ef000000|100%| E|CS|TAMS 0x00000000eef00000, 0x00000000eef00000| Complete 
| 240|0x00000000ef000000, 0x00000000ef100000, 0x00000000ef100000|100%| E|CS|TAMS 0x00000000ef000000, 0x00000000ef000000| Complete 
| 241|0x00000000ef100000, 0x00000000ef200000, 0x00000000ef200000|100%| E|CS|TAMS 0x00000000ef100000, 0x00000000ef100000| Complete 
| 242|0x00000000ef200000, 0x00000000ef300000, 0x00000000ef300000|100%| E|CS|TAMS 0x00000000ef200000, 0x00000000ef200000| Complete 
| 243|0x00000000ef300000, 0x00000000ef400000, 0x00000000ef400000|100%| E|CS|TAMS 0x00000000ef300000, 0x00000000ef300000| Complete 
| 244|0x00000000ef400000, 0x00000000ef500000, 0x00000000ef500000|100%| E|CS|TAMS 0x00000000ef400000, 0x00000000ef400000| Complete 
| 245|0x00000000ef500000, 0x00000000ef600000, 0x00000000ef600000|100%| E|CS|TAMS 0x00000000ef500000, 0x00000000ef500000| Complete 
| 246|0x00000000ef600000, 0x00000000ef700000, 0x00000000ef700000|100%| E|CS|TAMS 0x00000000ef600000, 0x00000000ef600000| Complete 
| 247|0x00000000ef700000, 0x00000000ef800000, 0x00000000ef800000|100%| E|CS|TAMS 0x00000000ef700000, 0x00000000ef700000| Complete 
| 248|0x00000000ef800000, 0x00000000ef900000, 0x00000000ef900000|100%| E|CS|TAMS 0x00000000ef800000, 0x00000000ef800000| Complete 
| 249|0x00000000ef900000, 0x00000000efa00000, 0x00000000efa00000|100%| E|CS|TAMS 0x00000000ef900000, 0x00000000ef900000| Complete 
| 250|0x00000000efa00000, 0x00000000efb00000, 0x00000000efb00000|100%| E|CS|TAMS 0x00000000efa00000, 0x00000000efa00000| Complete 
| 251|0x00000000efb00000, 0x00000000efc00000, 0x00000000efc00000|100%| E|CS|TAMS 0x00000000efb00000, 0x00000000efb00000| Complete 
| 252|0x00000000efc00000, 0x00000000efd00000, 0x00000000efd00000|100%| E|CS|TAMS 0x00000000efc00000, 0x00000000efc00000| Complete 
| 253|0x00000000efd00000, 0x00000000efe00000, 0x00000000efe00000|100%| E|CS|TAMS 0x00000000efd00000, 0x00000000efd00000| Complete 
| 254|0x00000000efe00000, 0x00000000eff00000, 0x00000000eff00000|100%| E|CS|TAMS 0x00000000efe00000, 0x00000000efe00000| Complete 
| 255|0x00000000eff00000, 0x00000000f0000000, 0x00000000f0000000|100%| E|CS|TAMS 0x00000000eff00000, 0x00000000eff00000| Complete 

Card table byte_map: [0x000001f7f9850000,0x000001f7f9950000] _byte_map_base: 0x000001f7f9150000

Marking Bits (Prev, Next): (CMBitMap*) 0x000001f7f91692d0, (CMBitMap*) 0x000001f7f9169290
 Prev Bits: [0x000001f7fa250000, 0x000001f7faa50000)
 Next Bits: [0x000001f7f9a50000, 0x000001f7fa250000)

Polling page: 0x000001f7f7120000

Metaspace:

Usage:
  Non-class:     26.10 MB used.
      Class:      4.29 MB used.
       Both:     30.40 MB used.

Virtual space:
  Non-class space:       64.00 MB reserved,      26.25 MB ( 41%) committed,  1 nodes.
      Class space:      208.00 MB reserved,       4.44 MB (  2%) committed,  1 nodes.
             Both:      272.00 MB reserved,      30.69 MB ( 11%) committed. 

Chunk freelists:
   Non-Class:  5.45 MB
       Class:  11.50 MB
        Both:  16.95 MB

MaxMetaspaceSize: 256.00 MB
CompressedClassSpaceSize: 208.00 MB
Initial GC threshold: 21.00 MB
Current GC threshold: 35.12 MB
CDS: on
MetaspaceReclaimPolicy: balanced
 - commit_granule_bytes: 65536.
 - commit_granule_words: 8192.
 - virtual_space_node_default_size: 8388608.
 - enlarge_chunks_in_place: 1.
 - new_chunks_are_fully_committed: 0.
 - uncommit_free_chunks: 1.
 - use_allocation_guard: 0.
 - handle_deallocations: 1.


Internal statistics:

num_allocs_failed_limit: 3.
num_arena_births: 342.
num_arena_deaths: 0.
num_vsnodes_births: 2.
num_vsnodes_deaths: 0.
num_space_committed: 491.
num_space_uncommitted: 0.
num_chunks_returned_to_freelist: 3.
num_chunks_taken_from_freelist: 1431.
num_chunk_merges: 3.
num_chunk_splits: 949.
num_chunks_enlarged: 682.
num_inconsistent_stats: 0.

CodeHeap 'non-profiled nmethods': size=120000Kb used=1934Kb max_used=1934Kb free=118066Kb
 bounds [0x000001f78f540000, 0x000001f78f7b0000, 0x000001f796a70000]
CodeHeap 'profiled nmethods': size=120000Kb used=7676Kb max_used=7676Kb free=112323Kb
 bounds [0x000001f787a70000, 0x000001f7881f0000, 0x000001f78efa0000]
CodeHeap 'non-nmethods': size=5760Kb used=1586Kb max_used=1654Kb free=4173Kb
 bounds [0x000001f78efa0000, 0x000001f78f210000, 0x000001f78f540000]
 total_blobs=4347 nmethods=3697 adapters=562
 compilation: enabled
              stopped_count=0, restarted_count=0
 full_count=0

Compilation events (20 events):
Event: 6.578 Thread 0x000001f7fd6e5e00 nmethod 3569 0x000001f78f719710 code [0x000001f78f7198a0, 0x000001f78f719978]
Event: 6.578 Thread 0x000001f7fd6e5e00 3574       1       groovy.lang.MetaBeanProperty::setGetter (6 bytes)
Event: 6.578 Thread 0x000001f7fd6e5e00 nmethod 3574 0x000001f78f719a10 code [0x000001f78f719ba0, 0x000001f78f719cb8]
Event: 6.578 Thread 0x000001f7fd6e5e00 3576       3       java.util.HashMap::afterNodeRemoval (1 bytes)
Event: 6.579 Thread 0x000001f7fd6e5e00 nmethod 3576 0x000001f7881a6f10 code [0x000001f7881a70a0, 0x000001f7881a71b8]
Event: 6.579 Thread 0x000001f7fd6e5e00 3577       3       jdk.internal.loader.URLClassPath$JarLoader$2::getManifest (26 bytes)
Event: 6.580 Thread 0x000001f7fd6e5e00 nmethod 3577 0x000001f7881a7290 code [0x000001f7881a74a0, 0x000001f7881a7b28]
Event: 6.580 Thread 0x000001f7fd6e5e00 3578       3       java.util.jar.JavaUtilJarAccessImpl::ensureInitialization (5 bytes)
Event: 6.580 Thread 0x000001f7fd6e5e00 nmethod 3578 0x000001f7881a7e90 code [0x000001f7881a8040, 0x000001f7881a8208]
Event: 6.582 Thread 0x000001f7fd6e5e00 3580       3       jdk.internal.misc.VM::initLevel (4 bytes)
Event: 6.583 Thread 0x000001f7fd6e5e00 nmethod 3580 0x000001f7881a8310 code [0x000001f7881a84a0, 0x000001f7881a8598]
Event: 6.583 Thread 0x000001f7fd6e5e00 3581       3       jdk.internal.misc.VM::isModuleSystemInited (13 bytes)
Event: 6.583 Thread 0x000001f7fd6e5e00 nmethod 3581 0x000001f7881a8610 code [0x000001f7881a87a0, 0x000001f7881a8958]
Event: 6.583 Thread 0x000001f7fd6e5e00 3583       1       java.lang.StackTraceElement::getLineNumber (5 bytes)
Event: 6.583 Thread 0x000001f7fd6e5e00 nmethod 3583 0x000001f78f719d10 code [0x000001f78f719ea0, 0x000001f78f719f78]
Event: 6.583 Thread 0x000001f7fd6e5e00 3585       3       java.lang.StackTraceElement::<init> (10 bytes)
Event: 6.583 Thread 0x000001f7fd6e5e00 nmethod 3585 0x000001f7881a8a10 code [0x000001f7881a8ba0, 0x000001f7881a8d18]
Event: 6.583 Thread 0x000001f7fd6e5e00 3586       3       java.lang.ModuleLayer::boot (4 bytes)
Event: 6.583 Thread 0x000001f7fd6e5e00 nmethod 3586 0x000001f7881a8e10 code [0x000001f7881a8fa0, 0x000001f7881a9098]
Event: 6.583 Thread 0x000001f7fd6e5e00 3587  s!   3       java.lang.StackTraceElement::computeFormat (71 bytes)

GC Heap History (6 events):
Event: 1.280 GC heap before
{Heap before GC invocations=0 (full 0):
 garbage-first heap   total 262144K, used 25600K [0x00000000e0000000, 0x0000000100000000)
  region size 1024K, 23 young (23552K), 0 survivors (0K)
 Metaspace       used 3017K, committed 3200K, reserved 278528K
  class space    used 380K, committed 448K, reserved 212992K
}
Event: 1.285 GC heap after
{Heap after GC invocations=1 (full 0):
 garbage-first heap   total 262144K, used 9584K [0x00000000e0000000, 0x0000000100000000)
  region size 1024K, 3 young (3072K), 3 survivors (3072K)
 Metaspace       used 3017K, committed 3200K, reserved 278528K
  class space    used 380K, committed 448K, reserved 212992K
}
Event: 2.128 GC heap before
{Heap before GC invocations=1 (full 0):
 garbage-first heap   total 262144K, used 39280K [0x00000000e0000000, 0x0000000100000000)
  region size 1024K, 32 young (32768K), 3 survivors (3072K)
 Metaspace       used 3946K, committed 4096K, reserved 278528K
  class space    used 477K, committed 576K, reserved 212992K
}
Event: 2.133 GC heap after
{Heap after GC invocations=2 (full 0):
 garbage-first heap   total 262144K, used 13724K [0x00000000e0000000, 0x0000000100000000)
  region size 1024K, 4 young (4096K), 4 survivors (4096K)
 Metaspace       used 3946K, committed 4096K, reserved 278528K
  class space    used 477K, committed 576K, reserved 212992K
}
Event: 5.244 GC heap before
{Heap before GC invocations=2 (full 0):
 garbage-first heap   total 262144K, used 114076K [0x00000000e0000000, 0x0000000100000000)
  region size 1024K, 103 young (105472K), 4 survivors (4096K)
 Metaspace       used 21180K, committed 21504K, reserved 278528K
  class space    used 3171K, committed 3328K, reserved 212992K
}
Event: 5.252 GC heap after
{Heap after GC invocations=3 (full 0):
 garbage-first heap   total 262144K, used 21343K [0x00000000e0000000, 0x0000000100000000)
  region size 1024K, 12 young (12288K), 12 survivors (12288K)
 Metaspace       used 21180K, committed 21504K, reserved 278528K
  class space    used 3171K, committed 3328K, reserved 212992K
}

Dll operation events (13 events):
Event: 0.014 Loaded shared library C:\Program Files\Microsoft\jdk-17.0.12.7-hotspot\bin\java.dll
Event: 0.039 Loaded shared library C:\Program Files\Microsoft\jdk-17.0.12.7-hotspot\bin\jsvml.dll
Event: 0.106 Loaded shared library C:\Program Files\Microsoft\jdk-17.0.12.7-hotspot\bin\net.dll
Event: 0.110 Loaded shared library C:\Program Files\Microsoft\jdk-17.0.12.7-hotspot\bin\nio.dll
Event: 0.116 Loaded shared library C:\Program Files\Microsoft\jdk-17.0.12.7-hotspot\bin\zip.dll
Event: 0.517 Loaded shared library C:\Program Files\Microsoft\jdk-17.0.12.7-hotspot\bin\jimage.dll
Event: 0.662 Loaded shared library C:\Program Files\Microsoft\jdk-17.0.12.7-hotspot\bin\verify.dll
Event: 0.926 Loaded shared library C:\Users\86178\.gradle\native\68d5fa5c4cc2d200863cafc0d521ce42e7d3e7ee720ec0a83991735586a16f82\windows-amd64\native-platform.dll
Event: 0.937 Loaded shared library C:\Users\86178\.gradle\native\e376f236ea51e6404a007f0833ffe2c6e607c4080706a723a18a27aeea778392\windows-amd64\native-platform-file-events.dll
Event: 2.437 Loaded shared library C:\Program Files\Microsoft\jdk-17.0.12.7-hotspot\bin\management.dll
Event: 2.443 Loaded shared library C:\Program Files\Microsoft\jdk-17.0.12.7-hotspot\bin\management_ext.dll
Event: 2.752 Loaded shared library C:\Program Files\Microsoft\jdk-17.0.12.7-hotspot\bin\extnet.dll
Event: 3.200 Loaded shared library C:\Program Files\Microsoft\jdk-17.0.12.7-hotspot\bin\sunmscapi.dll

Deoptimization events (20 events):
Event: 6.163 Thread 0x000001f7a9e58010 Uncommon trap: trap_request=0xffffff54 fr.pc=0x000001f78f5e2174 relative=0x0000000000001434
Event: 6.163 Thread 0x000001f7a9e58010 Uncommon trap: reason=speculate_null_assert action=make_not_entrant pc=0x000001f78f5e2174 method=jdk.internal.loader.URLClassPath$JarLoader.getResource(Ljava/lang/String;ZLjava/util/Set;)Ljdk/internal/loader/Resource; @ 17 c2
Event: 6.163 Thread 0x000001f7a9e58010 DEOPT PACKING pc=0x000001f78f5e2174 sp=0x000000383c8f6d10
Event: 6.163 Thread 0x000001f7a9e58010 DEOPT UNPACKING pc=0x000001f78eff69a3 sp=0x000000383c8f6cb8 mode 2
Event: 6.247 Thread 0x000001f7a9e58010 Uncommon trap: trap_request=0xffffffc6 fr.pc=0x000001f78f6cbf00 relative=0x0000000000003e40
Event: 6.247 Thread 0x000001f7a9e58010 Uncommon trap: reason=bimorphic_or_optimized_type_check action=maybe_recompile pc=0x000001f78f6cbf00 method=java.net.URL.<init>(Ljava/net/URL;Ljava/lang/String;Ljava/net/URLStreamHandler;)V @ 504 c2
Event: 6.247 Thread 0x000001f7a9e58010 DEOPT PACKING pc=0x000001f78f6cbf00 sp=0x000000383c8f76e0
Event: 6.247 Thread 0x000001f7a9e58010 DEOPT UNPACKING pc=0x000001f78eff69a3 sp=0x000000383c8f7680 mode 2
Event: 6.351 Thread 0x000001f7a9e58010 Uncommon trap: trap_request=0xffffff6e fr.pc=0x000001f78f6fb2ec relative=0x000000000000048c
Event: 6.351 Thread 0x000001f7a9e58010 Uncommon trap: reason=loop_limit_check action=maybe_recompile pc=0x000001f78f6fb2ec method=java.util.regex.Pattern$Start.match(Ljava/util/regex/Matcher;ILjava/lang/CharSequence;)Z @ 34 c2
Event: 6.351 Thread 0x000001f7a9e58010 DEOPT PACKING pc=0x000001f78f6fb2ec sp=0x000000383c8f7d30
Event: 6.351 Thread 0x000001f7a9e58010 DEOPT UNPACKING pc=0x000001f78eff69a3 sp=0x000000383c8f7c70 mode 2
Event: 6.502 Thread 0x000001f7a9e58010 Uncommon trap: trap_request=0xffffffde fr.pc=0x000001f78f709190 relative=0x0000000000000430
Event: 6.502 Thread 0x000001f7a9e58010 Uncommon trap: reason=class_check action=maybe_recompile pc=0x000001f78f709190 method=java.util.regex.Pattern$Start.match(Ljava/util/regex/Matcher;ILjava/lang/CharSequence;)Z @ 44 c2
Event: 6.502 Thread 0x000001f7a9e58010 DEOPT PACKING pc=0x000001f78f709190 sp=0x000000383c8f8c80
Event: 6.502 Thread 0x000001f7a9e58010 DEOPT UNPACKING pc=0x000001f78eff69a3 sp=0x000000383c8f8b48 mode 2
Event: 6.502 Thread 0x000001f7a9e58010 Uncommon trap: trap_request=0xffffffde fr.pc=0x000001f78f709190 relative=0x0000000000000430
Event: 6.502 Thread 0x000001f7a9e58010 Uncommon trap: reason=class_check action=maybe_recompile pc=0x000001f78f709190 method=java.util.regex.Pattern$Start.match(Ljava/util/regex/Matcher;ILjava/lang/CharSequence;)Z @ 44 c2
Event: 6.502 Thread 0x000001f7a9e58010 DEOPT PACKING pc=0x000001f78f709190 sp=0x000000383c8f8c80
Event: 6.502 Thread 0x000001f7a9e58010 DEOPT UNPACKING pc=0x000001f78eff69a3 sp=0x000000383c8f8b48 mode 2

Classes loaded (20 events):
Event: 6.355 Loading class java/nio/ByteBufferAsIntBufferL
Event: 6.355 Loading class java/nio/ByteBufferAsIntBufferL done
Event: 6.357 Loading class jdk/internal/jrtfs/JrtFileAttributes
Event: 6.357 Loading class jdk/internal/jrtfs/JrtFileAttributes done
Event: 6.357 Loading class jdk/internal/jrtfs/JrtDirectoryStream
Event: 6.357 Loading class jdk/internal/jrtfs/JrtDirectoryStream done
Event: 6.358 Loading class jdk/internal/jrtfs/JrtDirectoryStream$1
Event: 6.358 Loading class jdk/internal/jrtfs/JrtDirectoryStream$1 done
Event: 6.358 Loading class java/util/function/BooleanSupplier
Event: 6.358 Loading class java/util/function/BooleanSupplier done
Event: 6.359 Loading class jdk/internal/jimage/ImageReader$Resource
Event: 6.359 Loading class jdk/internal/jimage/ImageReader$Resource done
Event: 6.463 Loading class java/util/WeakHashMap$KeyIterator
Event: 6.463 Loading class java/util/WeakHashMap$HashIterator
Event: 6.463 Loading class java/util/WeakHashMap$HashIterator done
Event: 6.463 Loading class java/util/WeakHashMap$KeyIterator done
Event: 6.572 Loading class jdk/internal/reflect/UnsafeObjectFieldAccessorImpl
Event: 6.573 Loading class jdk/internal/reflect/UnsafeObjectFieldAccessorImpl done
Event: 6.583 Loading class java/lang/StackTraceElement$HashedModules
Event: 6.583 Loading class java/lang/StackTraceElement$HashedModules done

Classes unloaded (0 events):
No events

Classes redefined (0 events):
No events

Internal exceptions (20 events):
Event: 6.494 Thread 0x000001f7a9e58010 Exception <a 'java/lang/ClassNotFoundException'{0x00000000ec5843d8}: org/gradle/initialization/InitScriptBeanInfo> (0x00000000ec5843d8) 
thrown [s\src\hotspot\share\classfile\systemDictionary.cpp, line 256]
Event: 6.495 Thread 0x000001f7a9e58010 Exception <a 'java/lang/ClassNotFoundException'{0x00000000ec58d6f0}: org/gradle/groovy/scripts/DefaultScriptBeanInfo> (0x00000000ec58d6f0) 
thrown [s\src\hotspot\share\classfile\systemDictionary.cpp, line 256]
Event: 6.495 Thread 0x000001f7a9e58010 Exception <a 'java/lang/ClassNotFoundException'{0x00000000ec597710}: org/gradle/groovy/scripts/BasicScriptBeanInfo> (0x00000000ec597710) 
thrown [s\src\hotspot\share\classfile\systemDictionary.cpp, line 256]
Event: 6.496 Thread 0x000001f7a9e58010 Exception <a 'java/lang/ClassNotFoundException'{0x00000000ec5a1968}: org/gradle/groovy/scripts/ScriptBeanInfo> (0x00000000ec5a1968) 
thrown [s\src\hotspot\share\classfile\systemDictionary.cpp, line 256]
Event: 6.497 Thread 0x000001f7a9e58010 Exception <a 'java/lang/ClassNotFoundException'{0x00000000ec5b94f0}: groovy/lang/ScriptBeanInfo> (0x00000000ec5b94f0) 
thrown [s\src\hotspot\share\classfile\systemDictionary.cpp, line 256]
Event: 6.497 Thread 0x000001f7a9e58010 Exception <a 'java/lang/ClassNotFoundException'{0x00000000ec5d1028}: groovy/lang/ScriptCustomizer> (0x00000000ec5d1028) 
thrown [s\src\hotspot\share\classfile\systemDictionary.cpp, line 256]
Event: 6.499 Thread 0x000001f7a9e58010 Exception <a 'java/lang/ClassNotFoundException'{0x00000000ec5e3188}: org/gradle/groovy/scripts/ScriptCustomizer> (0x00000000ec5e3188) 
thrown [s\src\hotspot\share\classfile\systemDictionary.cpp, line 256]
Event: 6.499 Thread 0x000001f7a9e58010 Exception <a 'java/lang/ClassNotFoundException'{0x00000000ec5f3080}: org/gradle/groovy/scripts/BasicScriptCustomizer> (0x00000000ec5f3080) 
thrown [s\src\hotspot\share\classfile\systemDictionary.cpp, line 256]
Event: 6.501 Thread 0x000001f7a9e58010 Exception <a 'java/lang/ClassNotFoundException'{0x00000000ec408ff0}: org/gradle/groovy/scripts/DefaultScriptCustomizer> (0x00000000ec408ff0) 
thrown [s\src\hotspot\share\classfile\systemDictionary.cpp, line 256]
Event: 6.505 Thread 0x000001f7a9e58010 Exception <a 'java/lang/ClassNotFoundException'{0x00000000ec42fc58}: org/gradle/initialization/InitScriptCustomizer> (0x00000000ec42fc58) 
thrown [s\src\hotspot\share\classfile\systemDictionary.cpp, line 256]
Event: 6.506 Thread 0x000001f7a9e58010 Exception <a 'java/lang/ClassNotFoundException'{0x00000000ec43dc60}: ijMapper1_eskcapdx6bwamibjn34jri74zCustomizer> (0x00000000ec43dc60) 
thrown [s\src\hotspot\share\classfile\systemDictionary.cpp, line 256]
Event: 6.523 Thread 0x000001f7a9e58010 Exception <a 'java/lang/ClassNotFoundException'{0x00000000ec4d4f78}: org/gradle/internal/extensibility/DefaultExtraPropertiesExtensionBeanInfo> (0x00000000ec4d4f78) 
thrown [s\src\hotspot\share\classfile\systemDictionary.cpp, line 256]
Event: 6.523 Thread 0x000001f7a9e58010 Exception <a 'java/lang/ClassNotFoundException'{0x00000000ec4de660}: org/gradle/internal/extensibility/DefaultExtraPropertiesExtensionCustomizer> (0x00000000ec4de660) 
thrown [s\src\hotspot\share\classfile\systemDictionary.cpp, line 256]
Event: 6.550 Thread 0x000001f7a9e58010 Exception <a 'java/lang/ClassNotFoundException'{0x00000000ec275ce8}: org/gradle/invocation/DefaultGradle_DecoratedBeanInfo> (0x00000000ec275ce8) 
thrown [s\src\hotspot\share\classfile\systemDictionary.cpp, line 256]
Event: 6.551 Thread 0x000001f7a9e58010 Exception <a 'java/lang/ClassNotFoundException'{0x00000000ec284168}: org/gradle/invocation/DefaultGradleBeanInfo> (0x00000000ec284168) 
thrown [s\src\hotspot\share\classfile\systemDictionary.cpp, line 256]
Event: 6.551 Thread 0x000001f7a9e58010 Exception <a 'java/lang/ClassNotFoundException'{0x00000000ec292780}: org/gradle/api/internal/project/AbstractPluginAwareBeanInfo> (0x00000000ec292780) 
thrown [s\src\hotspot\share\classfile\systemDictionary.cpp, line 256]
Event: 6.552 Thread 0x000001f7a9e58010 Exception <a 'java/lang/ClassNotFoundException'{0x00000000ec2a0cf0}: org/gradle/api/internal/project/AbstractPluginAwareCustomizer> (0x00000000ec2a0cf0) 
thrown [s\src\hotspot\share\classfile\systemDictionary.cpp, line 256]
Event: 6.553 Thread 0x000001f7a9e58010 Exception <a 'java/lang/ClassNotFoundException'{0x00000000ec2b5278}: org/gradle/invocation/DefaultGradleCustomizer> (0x00000000ec2b5278) 
thrown [s\src\hotspot\share\classfile\systemDictionary.cpp, line 256]
Event: 6.556 Thread 0x000001f7a9e58010 Exception <a 'java/lang/ClassNotFoundException'{0x00000000ec2f6870}: org/gradle/invocation/DefaultGradle_DecoratedCustomizer> (0x00000000ec2f6870) 
thrown [s\src\hotspot\share\classfile\systemDictionary.cpp, line 256]
Event: 6.576 Thread 0x000001f7a9e58010 Exception <a 'java/lang/OutOfMemoryError'{0x00000000ec1e11a8}> (0x00000000ec1e11a8) 
thrown [s\src\hotspot\share\prims\jni.cpp, line 535]

VM Operations (20 events):
Event: 5.842 Executing VM operation: HandshakeAllThreads
Event: 5.842 Executing VM operation: HandshakeAllThreads done
Event: 6.084 Executing VM operation: HandshakeAllThreads
Event: 6.085 Executing VM operation: HandshakeAllThreads done
Event: 6.111 Executing VM operation: ICBufferFull
Event: 6.111 Executing VM operation: ICBufferFull done
Event: 6.126 Executing VM operation: HandshakeAllThreads
Event: 6.126 Executing VM operation: HandshakeAllThreads done
Event: 6.247 Executing VM operation: HandshakeAllThreads
Event: 6.248 Executing VM operation: HandshakeAllThreads done
Event: 6.248 Executing VM operation: HandshakeAllThreads
Event: 6.248 Executing VM operation: HandshakeAllThreads done
Event: 6.253 Executing VM operation: HandshakeAllThreads
Event: 6.253 Executing VM operation: HandshakeAllThreads done
Event: 6.257 Executing VM operation: HandshakeAllThreads
Event: 6.257 Executing VM operation: HandshakeAllThreads done
Event: 6.356 Executing VM operation: HandshakeAllThreads
Event: 6.356 Executing VM operation: HandshakeAllThreads done
Event: 6.577 Executing VM operation: ICBufferFull
Event: 6.577 Executing VM operation: ICBufferFull done

Events (20 events):
Event: 3.276 Thread 0x000001f7a9e58010 Thread added: 0x000001f7a9e58010
Event: 3.287 Thread 0x000001f7a9e5d620 Thread added: 0x000001f7a9e5d620
Event: 3.289 Thread 0x000001f7a9e58a30 Thread added: 0x000001f7a9e58a30
Event: 3.297 Thread 0x000001f7a9e5a380 Thread added: 0x000001f7a9e5a380
Event: 3.426 Thread 0x000001f7a9e5b7c0 Thread added: 0x000001f7a9e5b7c0
Event: 3.460 Thread 0x000001f7a9e5ef70 Thread added: 0x000001f7a9e5ef70
Event: 3.753 Thread 0x000001f7a9e5bcd0 Thread added: 0x000001f7a9e5bcd0
Event: 4.079 Thread 0x000001f7ab063aa0 Thread added: 0x000001f7ab063aa0
Event: 4.360 Thread 0x000001f7ab651060 Thread added: 0x000001f7ab651060
Event: 4.624 Thread 0x000001f7a9e5ada0 Thread added: 0x000001f7a9e5ada0
Event: 4.636 Thread 0x000001f7a9e59960 Thread added: 0x000001f7a9e59960
Event: 4.906 Thread 0x000001f7a9e58520 Thread added: 0x000001f7a9e58520
Event: 4.950 Thread 0x000001f7a9e5c1e0 Thread added: 0x000001f7a9e5c1e0
Event: 5.053 Thread 0x000001f7a9e5f990 Thread added: 0x000001f7a9e5f990
Event: 5.234 Thread 0x000001f7a9e5a890 Thread added: 0x000001f7a9e5a890
Event: 5.278 Thread 0x000001f7a9e5ea60 Thread added: 0x000001f7a9e5ea60
Event: 5.447 Thread 0x000001f7a9e5d110 Thread added: 0x000001f7a9e5d110
Event: 5.675 Thread 0x000001f7a9e5e550 Thread added: 0x000001f7a9e5e550
Event: 5.715 Thread 0x000001f7ac465980 Thread added: 0x000001f7ac465980
Event: 5.760 Thread 0x000001f7ac460880 Thread added: 0x000001f7ac460880


Dynamic libraries:
0x00007ff7bf280000 - 0x00007ff7bf28e000 	C:\Program Files\Microsoft\jdk-17.0.12.7-hotspot\bin\java.exe
0x00007ffed7470000 - 0x00007ffed7668000 	C:\Windows\SYSTEM32\ntdll.dll
0x00007ffed6740000 - 0x00007ffed6802000 	C:\Windows\System32\KERNEL32.DLL
0x00007ffed4e90000 - 0x00007ffed518f000 	C:\Windows\System32\KERNELBASE.dll
0x00007ffed4d90000 - 0x00007ffed4e90000 	C:\Windows\System32\ucrtbase.dll
0x00007ffe9a150000 - 0x00007ffe9a16d000 	C:\Program Files\Microsoft\jdk-17.0.12.7-hotspot\bin\VCRUNTIME140.dll
0x00007ffe9c340000 - 0x00007ffe9c357000 	C:\Program Files\Microsoft\jdk-17.0.12.7-hotspot\bin\jli.dll
0x00007ffed6a70000 - 0x00007ffed6c0d000 	C:\Windows\System32\USER32.dll
0x00007ffed4b10000 - 0x00007ffed4b32000 	C:\Windows\System32\win32u.dll
0x00007ffed55a0000 - 0x00007ffed55cb000 	C:\Windows\System32\GDI32.dll
0x00007ffebc390000 - 0x00007ffebc62a000 	C:\Windows\WinSxS\amd64_microsoft.windows.common-controls_6595b64144ccf1df_6.0.19041.4355_none_60b8b9eb71f62e16\COMCTL32.dll
0x00007ffed5190000 - 0x00007ffed52aa000 	C:\Windows\System32\gdi32full.dll
0x00007ffed6e80000 - 0x00007ffed6f1e000 	C:\Windows\System32\msvcrt.dll
0x00007ffed4b40000 - 0x00007ffed4bdd000 	C:\Windows\System32\msvcp_win.dll
0x00007ffed5820000 - 0x00007ffed584f000 	C:\Windows\System32\IMM32.DLL
0x00007ffeb9850000 - 0x00007ffeb985c000 	C:\Program Files\Microsoft\jdk-17.0.12.7-hotspot\bin\vcruntime140_1.dll
0x00007ffe840b0000 - 0x00007ffe8413d000 	C:\Program Files\Microsoft\jdk-17.0.12.7-hotspot\bin\msvcp140.dll
0x00007ffdff5a0000 - 0x00007ffe00210000 	C:\Program Files\Microsoft\jdk-17.0.12.7-hotspot\bin\server\jvm.dll
0x00007ffed6c10000 - 0x00007ffed6cbf000 	C:\Windows\System32\ADVAPI32.dll
0x00007ffed5770000 - 0x00007ffed580f000 	C:\Windows\System32\sechost.dll
0x00007ffed6d40000 - 0x00007ffed6e63000 	C:\Windows\System32\RPCRT4.dll
0x00007ffed5460000 - 0x00007ffed5487000 	C:\Windows\System32\bcrypt.dll
0x00007ffed6870000 - 0x00007ffed68db000 	C:\Windows\System32\WS2_32.dll
0x00007ffed4970000 - 0x00007ffed49bb000 	C:\Windows\SYSTEM32\POWRPROF.dll
0x00007ffec9ce0000 - 0x00007ffec9d07000 	C:\Windows\SYSTEM32\WINMM.dll
0x00007ffecb760000 - 0x00007ffecb76a000 	C:\Windows\SYSTEM32\VERSION.dll
0x00007ffed4950000 - 0x00007ffed4962000 	C:\Windows\SYSTEM32\UMPDC.dll
0x00007ffed3330000 - 0x00007ffed3342000 	C:\Windows\SYSTEM32\kernel.appcore.dll
0x00007ffeb0500000 - 0x00007ffeb050a000 	C:\Program Files\Microsoft\jdk-17.0.12.7-hotspot\bin\jimage.dll
0x00007ffed3120000 - 0x00007ffed3304000 	C:\Windows\SYSTEM32\DBGHELP.DLL
0x00007ffeadc20000 - 0x00007ffeadc54000 	C:\Windows\SYSTEM32\dbgcore.DLL
0x00007ffed4c90000 - 0x00007ffed4d12000 	C:\Windows\System32\bcryptPrimitives.dll
0x00007ffeb04d0000 - 0x00007ffeb04f5000 	C:\Program Files\Microsoft\jdk-17.0.12.7-hotspot\bin\java.dll
0x00007ffe9a210000 - 0x00007ffe9a2e7000 	C:\Program Files\Microsoft\jdk-17.0.12.7-hotspot\bin\jsvml.dll
0x00007ffed5bb0000 - 0x00007ffed631d000 	C:\Windows\System32\SHELL32.dll
0x00007ffed28a0000 - 0x00007ffed3044000 	C:\Windows\SYSTEM32\windows.storage.dll
0x00007ffed5850000 - 0x00007ffed5ba5000 	C:\Windows\System32\combase.dll
0x00007ffed4470000 - 0x00007ffed449f000 	C:\Windows\SYSTEM32\Wldp.dll
0x00007ffed6380000 - 0x00007ffed644d000 	C:\Windows\System32\OLEAUT32.dll
0x00007ffed5490000 - 0x00007ffed553d000 	C:\Windows\System32\SHCORE.dll
0x00007ffed5540000 - 0x00007ffed5595000 	C:\Windows\System32\shlwapi.dll
0x00007ffed4a40000 - 0x00007ffed4a64000 	C:\Windows\SYSTEM32\profapi.dll
0x00007ffe98000000 - 0x00007ffe9801a000 	C:\Program Files\Microsoft\jdk-17.0.12.7-hotspot\bin\net.dll
0x00007ffecc4d0000 - 0x00007ffecc5da000 	C:\Windows\SYSTEM32\WINHTTP.dll
0x00007ffed41d0000 - 0x00007ffed423c000 	C:\Windows\system32\mswsock.dll
0x00007ffe971d0000 - 0x00007ffe971e6000 	C:\Program Files\Microsoft\jdk-17.0.12.7-hotspot\bin\nio.dll
0x00007ffe95e00000 - 0x00007ffe95e18000 	C:\Program Files\Microsoft\jdk-17.0.12.7-hotspot\bin\zip.dll
0x00007ffead760000 - 0x00007ffead770000 	C:\Program Files\Microsoft\jdk-17.0.12.7-hotspot\bin\verify.dll
0x00007ffeac080000 - 0x00007ffeac0a7000 	C:\Users\86178\.gradle\native\68d5fa5c4cc2d200863cafc0d521ce42e7d3e7ee720ec0a83991735586a16f82\windows-amd64\native-platform.dll
0x00007ffe004b0000 - 0x00007ffe005f4000 	C:\Users\86178\.gradle\native\e376f236ea51e6404a007f0833ffe2c6e607c4080706a723a18a27aeea778392\windows-amd64\native-platform-file-events.dll
0x00007ffead750000 - 0x00007ffead75a000 	C:\Program Files\Microsoft\jdk-17.0.12.7-hotspot\bin\management.dll
0x00007ffead740000 - 0x00007ffead74b000 	C:\Program Files\Microsoft\jdk-17.0.12.7-hotspot\bin\management_ext.dll
0x00007ffed6e70000 - 0x00007ffed6e78000 	C:\Windows\System32\PSAPI.DLL
0x00007ffed43c0000 - 0x00007ffed43d8000 	C:\Windows\SYSTEM32\CRYPTSP.dll
0x00007ffed3af0000 - 0x00007ffed3b24000 	C:\Windows\system32\rsaenh.dll
0x00007ffed49c0000 - 0x00007ffed49ee000 	C:\Windows\SYSTEM32\USERENV.dll
0x00007ffed43e0000 - 0x00007ffed43ec000 	C:\Windows\SYSTEM32\CRYPTBASE.dll
0x00007ffed3eb0000 - 0x00007ffed3eeb000 	C:\Windows\SYSTEM32\IPHLPAPI.DLL
0x00007ffed6730000 - 0x00007ffed6738000 	C:\Windows\System32\NSI.dll
0x00007ffeccff0000 - 0x00007ffecd007000 	C:\Windows\SYSTEM32\dhcpcsvc6.DLL
0x00007ffecd460000 - 0x00007ffecd47d000 	C:\Windows\SYSTEM32\dhcpcsvc.DLL
0x00007ffed3ef0000 - 0x00007ffed3fba000 	C:\Windows\SYSTEM32\DNSAPI.dll
0x00007ffeac200000 - 0x00007ffeac209000 	C:\Program Files\Microsoft\jdk-17.0.12.7-hotspot\bin\extnet.dll
0x00007ffeac1a0000 - 0x00007ffeac1ae000 	C:\Program Files\Microsoft\jdk-17.0.12.7-hotspot\bin\sunmscapi.dll
0x00007ffed52b0000 - 0x00007ffed540c000 	C:\Windows\System32\CRYPT32.dll
0x00007ffed44e0000 - 0x00007ffed4507000 	C:\Windows\SYSTEM32\ncrypt.dll
0x00007ffed44a0000 - 0x00007ffed44db000 	C:\Windows\SYSTEM32\NTASN1.dll
0x00007ffec3420000 - 0x00007ffec3427000 	C:\Windows\system32\wshunix.dll

dbghelp: loaded successfully - version: 4.0.5 - missing functions: none
symbol engine: initialized successfully - sym options: 0x614 - pdb path: .;C:\Program Files\Microsoft\jdk-17.0.12.7-hotspot\bin;C:\Windows\SYSTEM32;C:\Windows\WinSxS\amd64_microsoft.windows.common-controls_6595b64144ccf1df_6.0.19041.4355_none_60b8b9eb71f62e16;C:\Program Files\Microsoft\jdk-17.0.12.7-hotspot\bin\server;C:\Users\86178\.gradle\native\68d5fa5c4cc2d200863cafc0d521ce42e7d3e7ee720ec0a83991735586a16f82\windows-amd64;C:\Users\86178\.gradle\native\e376f236ea51e6404a007f0833ffe2c6e607c4080706a723a18a27aeea778392\windows-amd64

VM Arguments:
jvm_args: --add-opens=java.base/java.util=ALL-UNNAMED --add-opens=java.base/java.lang=ALL-UNNAMED --add-opens=java.base/java.lang.invoke=ALL-UNNAMED --add-opens=java.prefs/java.util.prefs=ALL-UNNAMED --add-opens=java.base/java.nio.charset=ALL-UNNAMED --add-opens=java.base/java.net=ALL-UNNAMED --add-opens=java.base/java.util.concurrent.atomic=ALL-UNNAMED -XX:MaxMetaspaceSize=256m -XX:+HeapDumpOnOutOfMemoryError -Xms256m -Xmx512m -Dfile.encoding=UTF-8 -Duser.country=CN -Duser.language=zh -Duser.variant 
java_command: org.gradle.launcher.daemon.bootstrap.GradleDaemon 7.6.2
java_class_path (initial): C:\Users\86178\.gradle\wrapper\dists\gradle-7.6.2-bin\6ot4hgy1mty27tup86cmng5lx\gradle-7.6.2\lib\gradle-launcher-7.6.2.jar
Launcher Type: SUN_STANDARD

[Global flags]
     intx CICompilerCount                          = 4                                         {product} {ergonomic}
   size_t CompressedClassSpaceSize                 = 218103808                                 {product} {ergonomic}
     uint ConcGCThreads                            = 3                                         {product} {ergonomic}
     uint G1ConcRefinementThreads                  = 10                                        {product} {ergonomic}
   size_t G1HeapRegionSize                         = 1048576                                   {product} {ergonomic}
    uintx GCDrainStackTargetSize                   = 64                                        {product} {ergonomic}
     bool HeapDumpOnOutOfMemoryError               = true                                   {manageable} {command line}
   size_t InitialHeapSize                          = 268435456                                 {product} {command line}
   size_t MarkStackSize                            = 4194304                                   {product} {ergonomic}
   size_t MaxHeapSize                              = 536870912                                 {product} {command line}
   size_t MaxMetaspaceSize                         = 268435456                                 {product} {command line}
   size_t MaxNewSize                               = 321912832                                 {product} {ergonomic}
   size_t MinHeapDeltaBytes                        = 1048576                                   {product} {ergonomic}
   size_t MinHeapSize                              = 268435456                                 {product} {command line}
    uintx NonNMethodCodeHeapSize                   = 5839372                                {pd product} {ergonomic}
    uintx NonProfiledCodeHeapSize                  = 122909434                              {pd product} {ergonomic}
    uintx ProfiledCodeHeapSize                     = 122909434                              {pd product} {ergonomic}
    uintx ReservedCodeCacheSize                    = 251658240                              {pd product} {ergonomic}
     bool SegmentedCodeCache                       = true                                      {product} {ergonomic}
   size_t SoftMaxHeapSize                          = 536870912                              {manageable} {ergonomic}
     bool UseCompressedClassPointers               = true                           {product lp64_product} {ergonomic}
     bool UseCompressedOops                        = true                           {product lp64_product} {ergonomic}
     bool UseG1GC                                  = true                                      {product} {ergonomic}
     bool UseLargePagesIndividualAllocation        = false                                  {pd product} {ergonomic}

Logging:
Log output configuration:
 #0: stdout all=warning uptime,level,tags
 #1: stderr all=off uptime,level,tags

Environment Variables:
PATH=C:\Program Files\Microsoft\jdk-17.0.12.7-hotspot\bin;C:\Windows\system32;C:\Windows;C:\Windows\System32\Wbem;C:\Windows\System32\WindowsPowerShell\v1.0\;C:\Windows\System32\OpenSSH\;C:\Program Files\Microsoft SQL Server\150\Tools\Binn\;C:\Program Files (x86)\Windows Kits\10\Windows Performance Toolkit\;C:\Program Files\Git\cmd;C:\Program Files\MATLAB\R2022a\runtime\win64;C:\Program Files\MATLAB\R2022a\bin;C:\Users\86178\AppData\Local\Microsoft\WindowsApps;C:\Users\86178\AppData\Local\GitHubDesktop\bin
USERNAME=86178
OS=Windows_NT
PROCESSOR_IDENTIFIER=AMD64 Family 25 Model 80 Stepping 0, AuthenticAMD
TMP=C:\Users\86178\AppData\Local\Temp
TEMP=C:\Users\86178\AppData\Local\Temp



Periodic native trim disabled


---------------  S Y S T E M  ---------------

OS:
 Windows 10 , 64 bit Build 19041 (10.0.19041.5438)
OS uptime: 6 days 9:38 hours

CPU: total 12 (initial active 12) (12 cores per cpu, 2 threads per core) family 25 model 80 stepping 0 microcode 0x0, cx8, cmov, fxsr, ht, mmx, 3dnowpref, sse, sse2, sse3, ssse3, sse4a, sse4.1, sse4.2, popcnt, lzcnt, tsc, tscinvbit, avx, avx2, aes, erms, clmul, bmi1, bmi2, adx, sha, fma, vzeroupper, clflush, clflushopt
Processor Information for the first 12 processors :
  Max Mhz: 2301, Current Mhz: 1887, Mhz Limit: 2301

Memory: 4k page, system-wide physical 15182M (1399M free)
TotalPageFile size 15182M (AvailPageFile size 420M)
current process WorkingSet (physical memory assigned to process): 274M, peak: 274M
current process commit charge ("private bytes"): 455M, peak: 458M

vm_info: OpenJDK 64-Bit Server VM (17.0.12+7-LTS) for windows-amd64 JRE (17.0.12+7-LTS), built on Jul 16 2024 18:11:44 by "MicrosoftCorporation" with unknown MS VC++:1939

END.
