#
# There is insufficient memory for the Java Runtime Environment to continue.
# Native memory allocation (mmap) failed to map 249561088 bytes. Error detail: G1 virtual space
# Possible reasons:
#   The system is out of physical RAM or swap space
#   This process is running with CompressedOops enabled, and the Java Heap may be blocking the growth of the native heap
# Possible solutions:
#   Reduce memory load on the system
#   Increase physical memory or swap space
#   Check if swap backing store is full
#   Decrease Java heap size (-Xmx/-Xms)
#   Decrease number of Java threads
#   Decrease Java thread stack sizes (-Xss)
#   Set larger code cache with -XX:ReservedCodeCacheSize=
#   JVM is running with Zero Based Compressed Oops mode in which the Java heap is
#     placed in the first 32GB address space. The Java Heap base address is the
#     maximum limit for the native heap growth. Please use -XX:HeapBaseMinAddress
#     to set the Java Heap base and to place the Java Heap above 32GB virtual address.
# This output file may be truncated or incomplete.
#
#  Out of Memory Error (os_windows.cpp:3678), pid=16624, tid=3184
#
# JRE version:  (17.0.12+7) (build )
# Java VM: OpenJDK 64-Bit Server VM (17.0.12+7-LTS, mixed mode, sharing, tiered, compressed oops, compressed class ptrs, g1 gc, windows-amd64)
# No core dump will be written. Minidumps are not enabled by default on client versions of Windows
#

---------------  S U M M A R Y ------------

Command Line: -Dfile.encoding=UTF-8 -Duser.country=CN -Duser.language=zh -Duser.variant seedu.duke.Duke

Host: AMD Ryzen 5 5600U with Radeon Graphics         , 12 cores, 14G,  Windows 10 , 64 bit Build 19041 (10.0.19041.5438)
Time: Sun Mar 16 02:41:56 2025  Windows 10 , 64 bit Build 19041 (10.0.19041.5438) elapsed time: 0.046088 seconds (0d 0h 0m 0s)

---------------  T H R E A D  ---------------

Current thread (0x000001dbfa118090):  JavaThread "Unknown thread" [_thread_in_vm, id=3184, stack(0x0000006d8e800000,0x0000006d8e900000)]

Stack: [0x0000006d8e800000,0x0000006d8e900000]
Native frames: (J=compiled Java code, j=interpreted, Vv=VM code, C=native code)
V  [jvm.dll+0x686d99]
V  [jvm.dll+0x83daf8]
V  [jvm.dll+0x83f5a3]
V  [jvm.dll+0x83fc13]
V  [jvm.dll+0x2492ef]
V  [jvm.dll+0x683dd9]
V  [jvm.dll+0x6782fa]
V  [jvm.dll+0x30a797]
V  [jvm.dll+0x311d06]
V  [jvm.dll+0x36252e]
V  [jvm.dll+0x36276d]
V  [jvm.dll+0x2e1a9c]
V  [jvm.dll+0x2e29b4]
V  [jvm.dll+0x80faab]
V  [jvm.dll+0x370241]
V  [jvm.dll+0x7ee6bf]
V  [jvm.dll+0x3f6ccf]
V  [jvm.dll+0x3f87f1]
C  [jli.dll+0x5284]
C  [ucrtbase.dll+0x21bb2]
C  [KERNEL32.DLL+0x17374]
C  [ntdll.dll+0x4cc91]


---------------  P R O C E S S  ---------------

Threads class SMR info:
_java_thread_list=0x00007ffe000dcf98, length=0, elements={
}

Java Threads: ( => current thread )

Other Threads:
  0x000001dbfa17ee50 GCTaskThread "GC Thread#0" [stack: 0x0000006d8e900000,0x0000006d8ea00000] [id=17864]
  0x000001dbfa18fa00 ConcurrentGCThread "G1 Main Marker" [stack: 0x0000006d8ea00000,0x0000006d8eb00000] [id=6512]
  0x000001dbfa1929e0 ConcurrentGCThread "G1 Conc#0" [stack: 0x0000006d8eb00000,0x0000006d8ec00000] [id=18840]

[error occurred during error reporting (printing all threads), id 0xc0000005, EXCEPTION_ACCESS_VIOLATION (0xc0000005) at pc=0x00007ffdff8925b7]

VM state: not at safepoint (not fully initialized)

VM Mutex/Monitor currently owned by a thread:  ([mutex/lock_event])
[0x000001dbfa113680] Heap_lock - owner thread: 0x000001dbfa118090

Heap address: 0x0000000712c00000, size: 3796 MB, Compressed Oops mode: Zero based, Oop shift amount: 3

CDS archive(s) mapped at: [0x0000000000000000-0x0000000000000000-0x0000000000000000), size 0, SharedBaseAddress: 0x0000000800000000, ArchiveRelocationMode: 1.
Narrow klass base: 0x0000000000000000, Narrow klass shift: 0, Narrow klass range: 0x0

GC Precious Log:
<Empty>

Heap:
 garbage-first heap   total 0K, used 0K [0x0000000712c00000, 0x0000000800000000)
  region size 2048K, 0 young (0K), 0 survivors (0K)

[error occurred during error reporting (printing heap information), id 0xc0000005, EXCEPTION_ACCESS_VIOLATION (0xc0000005) at pc=0x00007ffdffc80a39]

GC Heap History (0 events):
No events

Dll operation events (1 events):
Event: 0.018 Loaded shared library C:\Program Files\Microsoft\jdk-17.0.12.7-hotspot\bin\java.dll

Deoptimization events (0 events):
No events

Classes loaded (0 events):
No events

Classes unloaded (0 events):
No events

Classes redefined (0 events):
No events

Internal exceptions (0 events):
No events

VM Operations (0 events):
No events

Events (0 events):
No events


Dynamic libraries:
0x00007ff7bf280000 - 0x00007ff7bf28e000 	C:\Program Files\Microsoft\jdk-17.0.12.7-hotspot\bin\java.exe
0x00007ffed7470000 - 0x00007ffed7668000 	C:\Windows\SYSTEM32\ntdll.dll
0x00007ffed6740000 - 0x00007ffed6802000 	C:\Windows\System32\KERNEL32.DLL
0x00007ffed4e90000 - 0x00007ffed518f000 	C:\Windows\System32\KERNELBASE.dll
0x00007ffed4d90000 - 0x00007ffed4e90000 	C:\Windows\System32\ucrtbase.dll
0x00007ffe9c340000 - 0x00007ffe9c357000 	C:\Program Files\Microsoft\jdk-17.0.12.7-hotspot\bin\jli.dll
0x00007ffe9a150000 - 0x00007ffe9a16d000 	C:\Program Files\Microsoft\jdk-17.0.12.7-hotspot\bin\VCRUNTIME140.dll
0x00007ffed6a70000 - 0x00007ffed6c0d000 	C:\Windows\System32\USER32.dll
0x00007ffed4b10000 - 0x00007ffed4b32000 	C:\Windows\System32\win32u.dll
0x00007ffed55a0000 - 0x00007ffed55cb000 	C:\Windows\System32\GDI32.dll
0x00007ffed5190000 - 0x00007ffed52aa000 	C:\Windows\System32\gdi32full.dll
0x00007ffebc390000 - 0x00007ffebc62a000 	C:\Windows\WinSxS\amd64_microsoft.windows.common-controls_6595b64144ccf1df_6.0.19041.4355_none_60b8b9eb71f62e16\COMCTL32.dll
0x00007ffed4b40000 - 0x00007ffed4bdd000 	C:\Windows\System32\msvcp_win.dll
0x00007ffed6e80000 - 0x00007ffed6f1e000 	C:\Windows\System32\msvcrt.dll
0x00007ffed5820000 - 0x00007ffed584f000 	C:\Windows\System32\IMM32.DLL
0x00007ffeb9850000 - 0x00007ffeb985c000 	C:\Program Files\Microsoft\jdk-17.0.12.7-hotspot\bin\vcruntime140_1.dll
0x00007ffe840b0000 - 0x00007ffe8413d000 	C:\Program Files\Microsoft\jdk-17.0.12.7-hotspot\bin\msvcp140.dll
0x00007ffdff5a0000 - 0x00007ffe00210000 	C:\Program Files\Microsoft\jdk-17.0.12.7-hotspot\bin\server\jvm.dll
0x00007ffed6c10000 - 0x00007ffed6cbf000 	C:\Windows\System32\ADVAPI32.dll
0x00007ffed5770000 - 0x00007ffed580f000 	C:\Windows\System32\sechost.dll
0x00007ffed6d40000 - 0x00007ffed6e63000 	C:\Windows\System32\RPCRT4.dll
0x00007ffed5460000 - 0x00007ffed5487000 	C:\Windows\System32\bcrypt.dll
0x00007ffed6870000 - 0x00007ffed68db000 	C:\Windows\System32\WS2_32.dll
0x00007ffed4970000 - 0x00007ffed49bb000 	C:\Windows\SYSTEM32\POWRPROF.dll
0x00007ffec9ce0000 - 0x00007ffec9d07000 	C:\Windows\SYSTEM32\WINMM.dll
0x00007ffecb760000 - 0x00007ffecb76a000 	C:\Windows\SYSTEM32\VERSION.dll
0x00007ffed4950000 - 0x00007ffed4962000 	C:\Windows\SYSTEM32\UMPDC.dll
0x00007ffed3330000 - 0x00007ffed3342000 	C:\Windows\SYSTEM32\kernel.appcore.dll
0x00007ffeb0500000 - 0x00007ffeb050a000 	C:\Program Files\Microsoft\jdk-17.0.12.7-hotspot\bin\jimage.dll
0x00007ffed3120000 - 0x00007ffed3304000 	C:\Windows\SYSTEM32\DBGHELP.DLL
0x00007ffeadc20000 - 0x00007ffeadc54000 	C:\Windows\SYSTEM32\dbgcore.DLL
0x00007ffed4c90000 - 0x00007ffed4d12000 	C:\Windows\System32\bcryptPrimitives.dll
0x00007ffeb04d0000 - 0x00007ffeb04f5000 	C:\Program Files\Microsoft\jdk-17.0.12.7-hotspot\bin\java.dll

dbghelp: loaded successfully - version: 4.0.5 - missing functions: none
symbol engine: initialized successfully - sym options: 0x614 - pdb path: .;C:\Program Files\Microsoft\jdk-17.0.12.7-hotspot\bin;C:\Windows\SYSTEM32;C:\Windows\WinSxS\amd64_microsoft.windows.common-controls_6595b64144ccf1df_6.0.19041.4355_none_60b8b9eb71f62e16;C:\Program Files\Microsoft\jdk-17.0.12.7-hotspot\bin\server

VM Arguments:
jvm_args: -Dfile.encoding=UTF-8 -Duser.country=CN -Duser.language=zh -Duser.variant 
java_command: seedu.duke.Duke
java_class_path (initial): C:\Users\86178\IdeaProjects\tp\build\classes\java\main;C:\Users\86178\IdeaProjects\tp\build\resources\main
Launcher Type: SUN_STANDARD

[Global flags]
     intx CICompilerCount                          = 4                                         {product} {ergonomic}
     uint ConcGCThreads                            = 3                                         {product} {ergonomic}
     uint G1ConcRefinementThreads                  = 10                                        {product} {ergonomic}
   size_t G1HeapRegionSize                         = 2097152                                   {product} {ergonomic}
    uintx GCDrainStackTargetSize                   = 64                                        {product} {ergonomic}
   size_t InitialHeapSize                          = 249561088                                 {product} {ergonomic}
   size_t MarkStackSize                            = 4194304                                   {product} {ergonomic}
   size_t MaxHeapSize                              = 3980394496                                {product} {ergonomic}
   size_t MinHeapDeltaBytes                        = 2097152                                   {product} {ergonomic}
   size_t MinHeapSize                              = 8388608                                   {product} {ergonomic}
    uintx NonNMethodCodeHeapSize                   = 5839372                                {pd product} {ergonomic}
    uintx NonProfiledCodeHeapSize                  = 122909434                              {pd product} {ergonomic}
    uintx ProfiledCodeHeapSize                     = 122909434                              {pd product} {ergonomic}
    uintx ReservedCodeCacheSize                    = 251658240                              {pd product} {ergonomic}
     bool SegmentedCodeCache                       = true                                      {product} {ergonomic}
   size_t SoftMaxHeapSize                          = 3980394496                             {manageable} {ergonomic}
     bool UseCompressedClassPointers               = true                           {product lp64_product} {ergonomic}
     bool UseCompressedOops                        = true                           {product lp64_product} {ergonomic}
     bool UseG1GC                                  = true                                      {product} {ergonomic}
     bool UseLargePagesIndividualAllocation        = false                                  {pd product} {ergonomic}

Logging:
Log output configuration:
 #0: stdout all=warning uptime,level,tags
 #1: stderr all=off uptime,level,tags

Environment Variables:
PATH=C:\Program Files\Microsoft\jdk-17.0.12.7-hotspot\bin;C:\Windows\system32;C:\Windows;C:\Windows\System32\Wbem;C:\Windows\System32\WindowsPowerShell\v1.0\;C:\Windows\System32\OpenSSH\;C:\Program Files\Microsoft SQL Server\150\Tools\Binn\;C:\Program Files (x86)\Windows Kits\10\Windows Performance Toolkit\;C:\Program Files\Git\cmd;C:\Program Files\MATLAB\R2022a\runtime\win64;C:\Program Files\MATLAB\R2022a\bin;C:\Users\86178\AppData\Local\Microsoft\WindowsApps;C:\Users\86178\AppData\Local\GitHubDesktop\bin
USERNAME=86178
OS=Windows_NT
PROCESSOR_IDENTIFIER=AMD64 Family 25 Model 80 Stepping 0, AuthenticAMD
TMP=C:\Users\86178\AppData\Local\Temp
TEMP=C:\Users\86178\AppData\Local\Temp



Periodic native trim disabled


---------------  S Y S T E M  ---------------

OS:
 Windows 10 , 64 bit Build 19041 (10.0.19041.5438)
OS uptime: 6 days 10:13 hours

CPU: total 12 (initial active 12) (12 cores per cpu, 2 threads per core) family 25 model 80 stepping 0 microcode 0x0, cx8, cmov, fxsr, ht, mmx, 3dnowpref, sse, sse2, sse3, ssse3, sse4a, sse4.1, sse4.2, popcnt, lzcnt, tsc, tscinvbit, avx, avx2, aes, erms, clmul, bmi1, bmi2, adx, sha, fma, vzeroupper, clflush, clflushopt
Processor Information for the first 12 processors :
  Max Mhz: 2301, Current Mhz: 1887, Mhz Limit: 2301

Memory: 4k page, system-wide physical 15182M (1627M free)
TotalPageFile size 15182M (AvailPageFile size 202M)
current process WorkingSet (physical memory assigned to process): 10M, peak: 10M
current process commit charge ("private bytes"): 64M, peak: 302M

vm_info: OpenJDK 64-Bit Server VM (17.0.12+7-LTS) for windows-amd64 JRE (17.0.12+7-LTS), built on Jul 16 2024 18:11:44 by "MicrosoftCorporation" with unknown MS VC++:1939

END.
